Log file open, 03/17/20 18:11:15
LogWindows: Failed to load 'aqProf.dll' (GetLastError=126)
LogWindows: File 'aqProf.dll' does not exist
LogWindows: Failed to load 'VtuneApi.dll' (GetLastError=126)
LogWindows: File 'VtuneApi.dll' does not exist
LogWindows: Failed to load 'VtuneApi32e.dll' (GetLastError=126)
LogWindows: File 'VtuneApi32e.dll' does not exist
LogConsoleResponse: Display: Failed to find resolution value strings in scalability ini. Falling back to default.
LogInit: Display: Running engine for game: First3PersonProject1
LogPlatformFile: Not using cached read wrapper
LogTaskGraph: Started task graph with 5 named threads and 23 total threads with 3 sets of task threads.
LogStats: Stats thread started at 0.370773
LogD3D11RHI: Loaded GFSDK_Aftermath_Lib.x64.dll
LogICUInternationalization: ICU TimeZone Detection - Raw Offset: +1:00, Platform Override: ''
LogPluginManager: Mounting plugin Paper2D
LogPluginManager: Mounting plugin AISupport
LogPluginManager: Mounting plugin LightPropagationVolume
LogPluginManager: Mounting plugin ActorLayerUtilities
LogPluginManager: Mounting plugin AnimationSharing
LogPluginManager: Mounting plugin CLionSourceCodeAccess
LogPluginManager: Mounting plugin CodeLiteSourceCodeAccess
LogPluginManager: Mounting plugin GitSourceControl
LogPluginManager: Mounting plugin KDevelopSourceCodeAccess
LogPluginManager: Mounting plugin NullSourceCodeAccess
LogPluginManager: Mounting plugin PerforceSourceControl
LogPluginManager: Mounting plugin PlasticSourceControl
LogPluginManager: Mounting plugin SubversionSourceControl
LogPluginManager: Mounting plugin UObjectPlugin
LogPluginManager: Mounting plugin VisualStudioCodeSourceCodeAccess
LogPluginManager: Mounting plugin VisualStudioSourceCodeAccess
LogPluginManager: Mounting plugin XCodeSourceCodeAccess
LogPluginManager: Mounting plugin AssetManagerEditor
LogPluginManager: Mounting plugin CryptoKeys
LogPluginManager: Mounting plugin CurveEditorTools
LogPluginManager: Mounting plugin DataValidation
LogPluginManager: Mounting plugin FacialAnimation
LogPluginManager: Mounting plugin GameplayTagsEditor
LogPluginManager: Mounting plugin MacGraphicsSwitching
LogPluginManager: Mounting plugin MaterialAnalyzer
LogPluginManager: Mounting plugin MobileLauncherProfileWizard
LogPluginManager: Mounting plugin PluginBrowser
LogPluginManager: Mounting plugin SpeedTreeImporter
LogPluginManager: Mounting plugin DatasmithContent
LogPluginManager: Mounting plugin VariantManagerContent
LogPluginManager: Mounting plugin AlembicImporter
LogPluginManager: Mounting plugin AutomationUtils
LogPluginManager: Mounting plugin BackChannel
LogPluginManager: Mounting plugin CharacterAI
LogPluginManager: Mounting plugin GeometryCache
LogPluginManager: Mounting plugin PlatformCrypto
LogPluginManager: Mounting plugin ProxyLODPlugin
LogPluginManager: Mounting plugin SkeletalReduction
LogPluginManager: Mounting plugin MagicLeap
LogPluginManager: Mounting plugin MagicLeapMedia
LogPluginManager: Mounting plugin MLSDK
LogPluginManager: Mounting plugin AndroidMedia
LogPluginManager: Mounting plugin AvfMedia
LogPluginManager: Mounting plugin ImgMedia
LogPluginManager: Mounting plugin MediaCompositing
LogPluginManager: Mounting plugin MediaPlayerEditor
LogPluginManager: Mounting plugin WebMMedia
LogPluginManager: Mounting plugin WmfMedia
LogPluginManager: Mounting plugin TcpMessaging
LogPluginManager: Mounting plugin UdpMessaging
LogPluginManager: Mounting plugin ActorSequence
LogPluginManager: Mounting plugin LevelSequenceEditor
LogPluginManager: Mounting plugin MatineeToLevelSequence
LogPluginManager: Mounting plugin NetcodeUnitTest
LogPluginManager: Mounting plugin NUTUnrealEngine4
LogPluginManager: Mounting plugin OnlineSubsystemGooglePlay
LogPluginManager: Mounting plugin OnlineSubsystemIOS
LogPluginManager: Mounting plugin OnlineSubsystem
LogPluginManager: Mounting plugin OnlineSubsystemNull
LogPluginManager: Mounting plugin OnlineSubsystemUtils
LogPluginManager: Mounting plugin LauncherChunkInstaller
LogPluginManager: Mounting plugin AndroidDeviceProfileSelector
LogPluginManager: Mounting plugin AndroidMoviePlayer
LogPluginManager: Mounting plugin AndroidPermission
LogPluginManager: Mounting plugin AppleImageUtils
LogPluginManager: Mounting plugin AppleMoviePlayer
LogPluginManager: Mounting plugin ArchVisCharacter
LogPluginManager: Mounting plugin AssetTags
LogPluginManager: Mounting plugin AudioCapture
LogPluginManager: Mounting plugin CableComponent
LogPluginManager: Mounting plugin CustomMeshComponent
LogPluginManager: Mounting plugin EditableMesh
LogPluginManager: Mounting plugin ExampleDeviceProfileSelector
LogPluginManager: Mounting plugin GoogleCloudMessaging
LogPluginManager: Mounting plugin IOSDeviceProfileSelector
LogPluginManager: Mounting plugin LinuxDeviceProfileSelector
LogPluginManager: Mounting plugin LocationServicesBPLibrary
LogPluginManager: Mounting plugin MobilePatchingUtils
LogPluginManager: Mounting plugin OculusVR
LogPluginManager: Mounting plugin PhysXVehicles
LogPluginManager: Mounting plugin PostSplashScreen
LogPluginManager: Mounting plugin ProceduralMeshComponent
LogPluginManager: Mounting plugin RuntimePhysXCooking
LogPluginManager: Mounting plugin SignificanceManager
LogPluginManager: Mounting plugin SteamVR
LogPluginManager: Mounting plugin WebMMoviePlayer
LogPluginManager: Mounting plugin WindowsMoviePlayer
LogPluginManager: Mounting plugin ScreenshotTools
LogInit: Using libcurl 7.55.1-DEV
LogInit:  - built for x86_64-pc-win32
LogInit:  - supports SSL with OpenSSL/1.1.1
LogInit:  - supports HTTP deflate (compression) using libz 1.2.8
LogInit:  - other features:
LogInit:      CURL_VERSION_SSL
LogInit:      CURL_VERSION_LIBZ
LogInit:      CURL_VERSION_IPV6
LogInit:      CURL_VERSION_ASYNCHDNS
LogInit:      CURL_VERSION_LARGEFILE
LogInit:      CURL_VERSION_IDN
LogInit:  CurlRequestOptions (configurable via config and command line):
LogInit:  - bVerifyPeer = true  - Libcurl will verify peer certificate
LogInit:  - bUseHttpProxy = false  - Libcurl will NOT use HTTP proxy
LogInit:  - bDontReuseConnections = false  - Libcurl will reuse connections
LogInit:  - MaxHostConnections = 16  - Libcurl will limit the number of connections to a host
LogInit:  - LocalHostAddr = Default
LogInit:  - BufferSize = 65536
LogOnline: OSS: Creating online subsystem instance for: NULL
LogInit: WinSock: version 1.1 (2.2), MaxSocks=32767, MaxUdp=65467
LogOnline: OSS: TryLoadSubsystemAndSetDefault: Loaded subsystem for module [NULL]
LogInit: Build: ++UE4+Release-4.24-CL-10757647
LogInit: Engine Version: 4.24.1-10757647+++UE4+Release-4.24
LogInit: Compatible Engine Version: 4.24.0-10570792+++UE4+Release-4.24
LogInit: Net CL: 10570792
LogInit: OS: Windows 10 (Release 1903) (), CPU: Intel(R) Core(TM) i7-6700HQ CPU @ 2.60GHz, GPU: Intel(R) HD Graphics 530
LogInit: Compiled (64-bit): Dec 17 2019 02:08:03
LogInit: Compiled with Visual C++: 19.16.27032.01
LogInit: Build Configuration: Development
LogInit: Branch Name: ++UE4+Release-4.24
LogInit: Command Line: 
LogInit: Base Directory: D:/EpicGames/UE_4.24/Engine/Binaries/Win64/
LogInit: Installed Engine Build: 1
LogDevObjectVersion: Number of dev versions registered: 25
LogDevObjectVersion:   Dev-Blueprints (B0D832E4-1F89-4F0D-ACCF-7EB736FD4AA2): 10
LogDevObjectVersion:   Dev-Build (E1C64328-A22C-4D53-A36C-8E866417BD8C): 0
LogDevObjectVersion:   Dev-Core (375EC13C-06E4-48FB-B500-84F0262A717E): 3
LogDevObjectVersion:   Dev-Editor (E4B068ED-F494-42E9-A231-DA0B2E46BB41): 37
LogDevObjectVersion:   Dev-Framework (CFFC743F-43B0-4480-9391-14DF171D2073): 36
LogDevObjectVersion:   Dev-Mobile (B02B49B5-BB20-44E9-A304-32B752E40360): 2
LogDevObjectVersion:   Dev-Networking (A4E4105C-59A1-49B5-A7C5-40C4547EDFEE): 0
LogDevObjectVersion:   Dev-Online (39C831C9-5AE6-47DC-9A44-9C173E1C8E7C): 0
LogDevObjectVersion:   Dev-Physics (78F01B33-EBEA-4F98-B9B4-84EACCB95AA2): 2
LogDevObjectVersion:   Dev-Platform (6631380F-2D4D-43E0-8009-CF276956A95A): 0
LogDevObjectVersion:   Dev-Rendering (12F88B9F-8875-4AFC-A67C-D90C383ABD29): 36
LogDevObjectVersion:   Dev-Sequencer (7B5AE74C-D270-4C10-A958-57980B212A5A): 11
LogDevObjectVersion:   Dev-VR (D7296918-1DD6-4BDD-9DE2-64A83CC13884): 2
LogDevObjectVersion:   Dev-LoadTimes (C2A15278-BFE7-4AFE-6C17-90FF531DF755): 1
LogDevObjectVersion:   Private-Geometry (6EACA3D4-40EC-4CC1-B786-8BED09428FC5): 3
LogDevObjectVersion:   Dev-AnimPhys (29E575DD-E0A3-4627-9D10-D276232CDCEA): 17
LogDevObjectVersion:   Dev-Anim (AF43A65D-7FD3-4947-9873-3E8ED9C1BB05): 2
LogDevObjectVersion:   Dev-ReflectionCapture (6B266CEC-1EC7-4B8F-A30B-E4D90942FC07): 1
LogDevObjectVersion:   Dev-Automation (0DF73D61-A23F-47EA-B727-89E90C41499A): 1
LogDevObjectVersion:   FortniteMain (601D1886-AC64-4F84-AA16-D3DE0DEAC7D6): 31
LogDevObjectVersion:   Dev-Enterprise (9DFFBCD6-494F-0158-E221-12823C92A888): 8
LogDevObjectVersion:   Dev-Niagara (F2AED0AC-9AFE-416F-8664-AA7FFA26D6FC): 1
LogDevObjectVersion:   Dev-Destruction (174F1F0B-B4C6-45A5-B13F-2EE8D0FB917D): 9
LogDevObjectVersion:   Dev-Physics-Ext (35F94A83-E258-406C-A318-09F59610247C): 8
LogDevObjectVersion:   Dev-CineCamera (B2E18506-4273-CFC2-A54E-F4BB758BBA07): 1
LogInit: Presizing for max 25165824 objects, including 0 objects not considered by GC, pre-allocating 0 bytes for permanent pool.
LogInit: Object subsystem initialized
LogConfig: Setting CVar [[con.DebugEarlyDefault:1]]
LogConfig: Setting CVar [[r.setres:1280x720]]
[2020.03.17-17.11.15:747][  0]LogConfig: Setting CVar [[r.VSync:0]]
[2020.03.17-17.11.15:747][  0]LogConfig: Setting CVar [[r.RHICmdBypass:0]]
[2020.03.17-17.11.15:747][  0]LogConfig: Applying CVar settings from Section [/Script/Engine.RendererSettings] File [D:/RepositoriDefinitiu/Projecte-Motors-de-Joc/Projecte Unreal/Saved/Config/Windows/Engine.ini]
[2020.03.17-17.11.15:747][  0]LogConfig: Setting CVar [[r.GPUCrashDebugging:0]]
[2020.03.17-17.11.15:747][  0]LogConfig: Applying CVar settings from Section [/Script/Engine.RendererOverrideSettings] File [D:/RepositoriDefinitiu/Projecte-Motors-de-Joc/Projecte Unreal/Saved/Config/Windows/Engine.ini]
[2020.03.17-17.11.15:747][  0]LogConfig: Applying CVar settings from Section [/Script/Engine.StreamingSettings] File [D:/RepositoriDefinitiu/Projecte-Motors-de-Joc/Projecte Unreal/Saved/Config/Windows/Engine.ini]
[2020.03.17-17.11.15:747][  0]LogConfig: Setting CVar [[s.MinBulkDataSizeForAsyncLoading:131072]]
[2020.03.17-17.11.15:747][  0]LogConfig: Setting CVar [[s.AsyncLoadingThreadEnabled:0]]
[2020.03.17-17.11.15:747][  0]LogConfig: Setting CVar [[s.EventDrivenLoaderEnabled:1]]
[2020.03.17-17.11.15:747][  0]LogConfig: Setting CVar [[s.WarnIfTimeLimitExceeded:0]]
[2020.03.17-17.11.15:747][  0]LogConfig: Setting CVar [[s.TimeLimitExceededMultiplier:1.5]]
[2020.03.17-17.11.15:747][  0]LogConfig: Setting CVar [[s.TimeLimitExceededMinTime:0.005]]
[2020.03.17-17.11.15:747][  0]LogConfig: Setting CVar [[s.UseBackgroundLevelStreaming:1]]
[2020.03.17-17.11.15:747][  0]LogConfig: Setting CVar [[s.PriorityAsyncLoadingExtraTime:15.0]]
[2020.03.17-17.11.15:747][  0]LogConfig: Setting CVar [[s.LevelStreamingActorsUpdateTimeLimit:5.0]]
[2020.03.17-17.11.15:747][  0]LogConfig: Setting CVar [[s.PriorityLevelStreamingActorsUpdateExtraTime:5.0]]
[2020.03.17-17.11.15:747][  0]LogConfig: Setting CVar [[s.LevelStreamingComponentsRegistrationGranularity:10]]
[2020.03.17-17.11.15:747][  0]LogConfig: Setting CVar [[s.UnregisterComponentsTimeLimit:1.0]]
[2020.03.17-17.11.15:747][  0]LogConfig: Setting CVar [[s.LevelStreamingComponentsUnregistrationGranularity:5]]
[2020.03.17-17.11.15:747][  0]LogConfig: Setting CVar [[s.FlushStreamingOnExit:1]]
[2020.03.17-17.11.15:747][  0]LogConfig: Applying CVar settings from Section [/Script/Engine.GarbageCollectionSettings] File [D:/RepositoriDefinitiu/Projecte-Motors-de-Joc/Projecte Unreal/Saved/Config/Windows/Engine.ini]
[2020.03.17-17.11.15:747][  0]LogConfig: Setting CVar [[gc.MaxObjectsNotConsideredByGC:1]]
[2020.03.17-17.11.15:747][  0]LogConfig: Setting CVar [[gc.SizeOfPermanentObjectPool:0]]
[2020.03.17-17.11.15:747][  0]LogConfig: Setting CVar [[gc.FlushStreamingOnGC:0]]
[2020.03.17-17.11.15:747][  0]LogConfig: Setting CVar [[gc.NumRetriesBeforeForcingGC:10]]
[2020.03.17-17.11.15:747][  0]LogConfig: Setting CVar [[gc.AllowParallelGC:1]]
[2020.03.17-17.11.15:747][  0]LogConfig: Setting CVar [[gc.TimeBetweenPurgingPendingKillObjects:61.1]]
[2020.03.17-17.11.15:748][  0]LogConfig: Setting CVar [[gc.MaxObjectsInEditor:25165824]]
[2020.03.17-17.11.15:748][  0]LogConfig: Setting CVar [[gc.IncrementalBeginDestroyEnabled:1]]
[2020.03.17-17.11.15:748][  0]LogConfig: Setting CVar [[gc.CreateGCClusters:1]]
[2020.03.17-17.11.15:748][  0]LogConfig: Setting CVar [[gc.MinGCClusterSize:5]]
[2020.03.17-17.11.15:748][  0]LogConfig: Setting CVar [[gc.ActorClusteringEnabled:0]]
[2020.03.17-17.11.15:748][  0]LogConfig: Setting CVar [[gc.BlueprintClusteringEnabled:0]]
[2020.03.17-17.11.15:748][  0]LogConfig: Setting CVar [[gc.UseDisregardForGCOnDedicatedServers:0]]
[2020.03.17-17.11.15:748][  0]LogConfig: Applying CVar settings from Section [/Script/Engine.NetworkSettings] File [D:/RepositoriDefinitiu/Projecte-Motors-de-Joc/Projecte Unreal/Saved/Config/Windows/Engine.ini]
[2020.03.17-17.11.15:748][  0]LogConfig: Applying CVar settings from Section [/Script/UnrealEd.CookerSettings] File [D:/RepositoriDefinitiu/Projecte-Motors-de-Joc/Projecte Unreal/Saved/Config/Windows/Engine.ini]
[2020.03.17-17.11.15:754][  0]LogConfig: Applying CVar settings from Section [ViewDistanceQuality@3] File [D:/RepositoriDefinitiu/Projecte-Motors-de-Joc/Projecte Unreal/Saved/Config/Windows/Scalability.ini]
[2020.03.17-17.11.15:754][  0]LogConfig: Setting CVar [[r.SkeletalMeshLODBias:0]]
[2020.03.17-17.11.15:754][  0]LogConfig: Setting CVar [[r.ViewDistanceScale:1.0]]
[2020.03.17-17.11.15:754][  0]LogConfig: Applying CVar settings from Section [AntiAliasingQuality@3] File [D:/RepositoriDefinitiu/Projecte-Motors-de-Joc/Projecte Unreal/Saved/Config/Windows/Scalability.ini]
[2020.03.17-17.11.15:754][  0]LogConfig: Setting CVar [[r.PostProcessAAQuality:4]]
[2020.03.17-17.11.15:755][  0]LogConfig: Applying CVar settings from Section [ShadowQuality@3] File [D:/RepositoriDefinitiu/Projecte-Motors-de-Joc/Projecte Unreal/Saved/Config/Windows/Scalability.ini]
[2020.03.17-17.11.15:755][  0]LogConfig: Setting CVar [[r.LightFunctionQuality:1]]
[2020.03.17-17.11.15:755][  0]LogConfig: Setting CVar [[r.ShadowQuality:5]]
[2020.03.17-17.11.15:755][  0]LogConfig: Setting CVar [[r.Shadow.CSM.MaxCascades:10]]
[2020.03.17-17.11.15:755][  0]LogConfig: Setting CVar [[r.Shadow.MaxResolution:2048]]
[2020.03.17-17.11.15:755][  0]LogConfig: Setting CVar [[r.Shadow.MaxCSMResolution:2048]]
[2020.03.17-17.11.15:755][  0]LogConfig: Setting CVar [[r.Shadow.RadiusThreshold:0.01]]
[2020.03.17-17.11.15:755][  0]LogConfig: Setting CVar [[r.Shadow.DistanceScale:1.0]]
[2020.03.17-17.11.15:755][  0]LogConfig: Setting CVar [[r.Shadow.CSM.TransitionScale:1.0]]
[2020.03.17-17.11.15:755][  0]LogConfig: Setting CVar [[r.Shadow.PreShadowResolutionFactor:1.0]]
[2020.03.17-17.11.15:755][  0]LogConfig: Setting CVar [[r.DistanceFieldShadowing:1]]
[2020.03.17-17.11.15:755][  0]LogConfig: Setting CVar [[r.DistanceFieldAO:1]]
[2020.03.17-17.11.15:755][  0]LogConfig: Setting CVar [[r.AOQuality:2]]
[2020.03.17-17.11.15:755][  0]LogConfig: Setting CVar [[r.VolumetricFog:1]]
[2020.03.17-17.11.15:755][  0]LogConfig: Setting CVar [[r.VolumetricFog.GridPixelSize:8]]
[2020.03.17-17.11.15:755][  0]LogConfig: Setting CVar [[r.VolumetricFog.GridSizeZ:128]]
[2020.03.17-17.11.15:755][  0]LogConfig: Setting CVar [[r.VolumetricFog.HistoryMissSupersampleCount:4]]
[2020.03.17-17.11.15:755][  0]LogConfig: Setting CVar [[r.LightMaxDrawDistanceScale:1]]
[2020.03.17-17.11.15:755][  0]LogConfig: Setting CVar [[r.CapsuleShadows:1]]
[2020.03.17-17.11.15:755][  0]LogConfig: Applying CVar settings from Section [PostProcessQuality@3] File [D:/RepositoriDefinitiu/Projecte-Motors-de-Joc/Projecte Unreal/Saved/Config/Windows/Scalability.ini]
[2020.03.17-17.11.15:755][  0]LogConfig: Setting CVar [[r.MotionBlurQuality:4]]
[2020.03.17-17.11.15:755][  0]LogConfig: Setting CVar [[r.AmbientOcclusionMipLevelFactor:0.4]]
[2020.03.17-17.11.15:755][  0]LogConfig: Setting CVar [[r.AmbientOcclusionMaxQuality:100]]
[2020.03.17-17.11.15:755][  0]LogConfig: Setting CVar [[r.AmbientOcclusionLevels:-1]]
[2020.03.17-17.11.15:755][  0]LogConfig: Setting CVar [[r.AmbientOcclusionRadiusScale:1.0]]
[2020.03.17-17.11.15:755][  0]LogConfig: Setting CVar [[r.DepthOfFieldQuality:2]]
[2020.03.17-17.11.15:756][  0]LogConfig: Setting CVar [[r.RenderTargetPoolMin:400]]
[2020.03.17-17.11.15:756][  0]LogConfig: Setting CVar [[r.LensFlareQuality:2]]
[2020.03.17-17.11.15:756][  0]LogConfig: Setting CVar [[r.SceneColorFringeQuality:1]]
[2020.03.17-17.11.15:756][  0]LogConfig: Setting CVar [[r.EyeAdaptationQuality:2]]
[2020.03.17-17.11.15:756][  0]LogConfig: Setting CVar [[r.BloomQuality:5]]
[2020.03.17-17.11.15:756][  0]LogConfig: Setting CVar [[r.FastBlurThreshold:100]]
[2020.03.17-17.11.15:756][  0]LogConfig: Setting CVar [[r.Upscale.Quality:3]]
[2020.03.17-17.11.15:756][  0]LogConfig: Setting CVar [[r.Tonemapper.GrainQuantization:1]]
[2020.03.17-17.11.15:756][  0]LogConfig: Setting CVar [[r.LightShaftQuality:1]]
[2020.03.17-17.11.15:756][  0]LogConfig: Setting CVar [[r.Filter.SizeScale:1]]
[2020.03.17-17.11.15:756][  0]LogConfig: Setting CVar [[r.Tonemapper.Quality:5]]
[2020.03.17-17.11.15:756][  0]LogConfig: Setting CVar [[r.DOF.Gather.AccumulatorQuality:1        ; higher gathering accumulator quality]]
[2020.03.17-17.11.15:756][  0]LogConfig: Setting CVar [[r.DOF.Gather.PostfilterMethod:1          ; Median3x3 postfilering method]]
[2020.03.17-17.11.15:756][  0]LogConfig: Setting CVar [[r.DOF.Gather.EnableBokehSettings:0       ; no bokeh simulation when gathering]]
[2020.03.17-17.11.15:756][  0]LogConfig: Setting CVar [[r.DOF.Gather.RingCount:4                 ; medium number of samples when gathering]]
[2020.03.17-17.11.15:756][  0]LogConfig: Setting CVar [[r.DOF.Scatter.ForegroundCompositing:1    ; additive foreground scattering]]
[2020.03.17-17.11.15:756][  0]LogConfig: Setting CVar [[r.DOF.Scatter.BackgroundCompositing:2    ; additive background scattering]]
[2020.03.17-17.11.15:756][  0]LogConfig: Setting CVar [[r.DOF.Scatter.EnableBokehSettings:1      ; bokeh simulation when scattering]]
[2020.03.17-17.11.15:756][  0]LogConfig: Setting CVar [[r.DOF.Scatter.MaxSpriteRatio:0.1         ; only a maximum of 10% of scattered bokeh]]
[2020.03.17-17.11.15:756][  0]LogConfig: Setting CVar [[r.DOF.Recombine.Quality:1                ; cheap slight out of focus]]
[2020.03.17-17.11.15:756][  0]LogConfig: Setting CVar [[r.DOF.Recombine.EnableBokehSettings:0    ; no bokeh simulation on slight out of focus]]
[2020.03.17-17.11.15:756][  0]LogConfig: Setting CVar [[r.DOF.TemporalAAQuality:1                ; more stable temporal accumulation]]
[2020.03.17-17.11.15:756][  0]LogConfig: Setting CVar [[r.DOF.Kernel.MaxForegroundRadius:0.025]]
[2020.03.17-17.11.15:756][  0]LogConfig: Setting CVar [[r.DOF.Kernel.MaxBackgroundRadius:0.025]]
[2020.03.17-17.11.15:756][  0]LogConfig: Applying CVar settings from Section [TextureQuality@3] File [D:/RepositoriDefinitiu/Projecte-Motors-de-Joc/Projecte Unreal/Saved/Config/Windows/Scalability.ini]
[2020.03.17-17.11.15:756][  0]LogConfig: Setting CVar [[r.Streaming.MipBias:0]]
[2020.03.17-17.11.15:756][  0]LogConfig: Setting CVar [[r.Streaming.AmortizeCPUToGPUCopy:0]]
[2020.03.17-17.11.15:756][  0]LogConfig: Setting CVar [[r.Streaming.MaxNumTexturesToStreamPerFrame:0]]
[2020.03.17-17.11.15:756][  0]LogConfig: Setting CVar [[r.Streaming.Boost:1]]
[2020.03.17-17.11.15:756][  0]LogConfig: Setting CVar [[r.MaxAnisotropy:8]]
[2020.03.17-17.11.15:756][  0]LogConfig: Setting CVar [[r.VT.MaxAnisotropy:8]]
[2020.03.17-17.11.15:756][  0]LogConfig: Setting CVar [[r.Streaming.LimitPoolSizeToVRAM:0]]
[2020.03.17-17.11.15:756][  0]LogConfig: Setting CVar [[r.Streaming.PoolSize:1000]]
[2020.03.17-17.11.15:757][  0]LogConfig: Setting CVar [[r.Streaming.MaxEffectiveScreenSize:0]]
[2020.03.17-17.11.15:757][  0]LogConfig: Applying CVar settings from Section [EffectsQuality@3] File [D:/RepositoriDefinitiu/Projecte-Motors-de-Joc/Projecte Unreal/Saved/Config/Windows/Scalability.ini]
[2020.03.17-17.11.15:757][  0]LogConfig: Setting CVar [[r.TranslucencyLightingVolumeDim:64]]
[2020.03.17-17.11.15:757][  0]LogConfig: Setting CVar [[r.RefractionQuality:2]]
[2020.03.17-17.11.15:757][  0]LogConfig: Setting CVar [[r.SSR.Quality:3]]
[2020.03.17-17.11.15:757][  0]LogConfig: Setting CVar [[r.SSR.HalfResSceneColor:0]]
[2020.03.17-17.11.15:757][  0]LogConfig: Setting CVar [[r.SceneColorFormat:4]]
[2020.03.17-17.11.15:757][  0]LogConfig: Setting CVar [[r.DetailMode:2]]
[2020.03.17-17.11.15:757][  0]LogConfig: Setting CVar [[r.TranslucencyVolumeBlur:1]]
[2020.03.17-17.11.15:757][  0]LogConfig: Setting CVar [[r.MaterialQualityLevel:1 ; High quality]]
[2020.03.17-17.11.15:757][  0]LogConfig: Setting CVar [[r.SSS.Scale:1]]
[2020.03.17-17.11.15:757][  0]LogConfig: Setting CVar [[r.SSS.SampleSet:2]]
[2020.03.17-17.11.15:757][  0]LogConfig: Setting CVar [[r.SSS.Quality:1]]
[2020.03.17-17.11.15:757][  0]LogConfig: Setting CVar [[r.SSS.HalfRes:1]]
[2020.03.17-17.11.15:757][  0]LogConfig: Setting CVar [[r.SSGI.Quality:3]]
[2020.03.17-17.11.15:757][  0]LogConfig: Setting CVar [[r.EmitterSpawnRateScale:1.0]]
[2020.03.17-17.11.15:757][  0]LogConfig: Setting CVar [[r.ParticleLightQuality:2]]
[2020.03.17-17.11.15:757][  0]LogConfig: Setting CVar [[r.SkyAtmosphere.AerialPerspectiveLUT.FastApplyOnOpaque:1 ; Always have FastSkyLUT 1 in this case to avoid wrong sky]]
[2020.03.17-17.11.15:757][  0]LogConfig: Setting CVar [[r.SkyAtmosphere.AerialPerspectiveLUT.SampleCountPerSlice:1]]
[2020.03.17-17.11.15:757][  0]LogConfig: Setting CVar [[r.SkyAtmosphere.AerialPerspectiveLUT.DepthResolution:16.0]]
[2020.03.17-17.11.15:757][  0]LogConfig: Setting CVar [[r.SkyAtmosphere.FastSkyLUT:1]]
[2020.03.17-17.11.15:757][  0]LogConfig: Setting CVar [[r.SkyAtmosphere.FastSkyLUT.SampleCountMin:4.0]]
[2020.03.17-17.11.15:757][  0]LogConfig: Setting CVar [[r.SkyAtmosphere.FastSkyLUT.SampleCountMax:32.0]]
[2020.03.17-17.11.15:757][  0]LogConfig: Setting CVar [[r.SkyAtmosphere.SampleCountMin:4.0]]
[2020.03.17-17.11.15:757][  0]LogConfig: Setting CVar [[r.SkyAtmosphere.SampleCountMax:32.0]]
[2020.03.17-17.11.15:758][  0]LogConfig: Setting CVar [[r.SkyAtmosphere.TransmittanceLUT.UseSmallFormat:0]]
[2020.03.17-17.11.15:758][  0]LogConfig: Setting CVar [[r.SkyAtmosphere.TransmittanceLUT.SampleCount:10.0]]
[2020.03.17-17.11.15:758][  0]LogConfig: Setting CVar [[r.SkyAtmosphere.MultiScatteringLUT.SampleCount:15.0]]
[2020.03.17-17.11.15:758][  0]LogConfig: Applying CVar settings from Section [FoliageQuality@3] File [D:/RepositoriDefinitiu/Projecte-Motors-de-Joc/Projecte Unreal/Saved/Config/Windows/Scalability.ini]
[2020.03.17-17.11.15:758][  0]LogConfig: Setting CVar [[foliage.DensityScale:1.0]]
[2020.03.17-17.11.15:758][  0]LogConfig: Setting CVar [[grass.DensityScale:1.0]]
[2020.03.17-17.11.15:758][  0]LogConfig: Applying CVar settings from Section [ShadingQuality@3] File [D:/RepositoriDefinitiu/Projecte-Motors-de-Joc/Projecte Unreal/Saved/Config/Windows/Scalability.ini]
[2020.03.17-17.11.15:758][  0]LogConfig: Setting CVar [[r.HairStrands.SkyLighting.SampleCount:16]]
[2020.03.17-17.11.15:758][  0]LogConfig: Setting CVar [[r.HairStrands.SkyLighting.JitterIntegration:0]]
[2020.03.17-17.11.15:758][  0]LogConfig: Setting CVar [[r.HairStrands.SkyAO.SampleCount:16]]
[2020.03.17-17.11.15:759][  0]LogInit: Selected Device Profile: [Windows]
[2020.03.17-17.11.15:759][  0]LogInit: Applying CVar settings loaded from the selected device profile: [Windows]
[2020.03.17-17.11.15:769][  0]LogHAL: Display: Platform has ~ 24 GB [25573195776 / 34359738368 / 24], which maps to Larger [LargestMinGB=32, LargerMinGB=12, DefaultMinGB=8, SmallerMinGB=6, SmallestMinGB=0)
[2020.03.17-17.11.15:769][  0]LogInit: Going up to parent DeviceProfile []
[2020.03.17-17.11.15:769][  0]LogConfig: Applying CVar settings from Section [ViewDistanceQuality@3] File [D:/RepositoriDefinitiu/Projecte-Motors-de-Joc/Projecte Unreal/Saved/Config/Windows/Scalability.ini]
[2020.03.17-17.11.15:769][  0]LogConfig: Setting CVar [[r.SkeletalMeshLODBias:0]]
[2020.03.17-17.11.15:769][  0]LogConfig: Setting CVar [[r.ViewDistanceScale:1.0]]
[2020.03.17-17.11.15:769][  0]LogConfig: Applying CVar settings from Section [AntiAliasingQuality@3] File [D:/RepositoriDefinitiu/Projecte-Motors-de-Joc/Projecte Unreal/Saved/Config/Windows/Scalability.ini]
[2020.03.17-17.11.15:769][  0]LogConfig: Setting CVar [[r.PostProcessAAQuality:4]]
[2020.03.17-17.11.15:769][  0]LogConfig: Applying CVar settings from Section [ShadowQuality@3] File [D:/RepositoriDefinitiu/Projecte-Motors-de-Joc/Projecte Unreal/Saved/Config/Windows/Scalability.ini]
[2020.03.17-17.11.15:769][  0]LogConfig: Setting CVar [[r.LightFunctionQuality:1]]
[2020.03.17-17.11.15:769][  0]LogConfig: Setting CVar [[r.ShadowQuality:5]]
[2020.03.17-17.11.15:769][  0]LogConfig: Setting CVar [[r.Shadow.CSM.MaxCascades:10]]
[2020.03.17-17.11.15:769][  0]LogConfig: Setting CVar [[r.Shadow.MaxResolution:2048]]
[2020.03.17-17.11.15:769][  0]LogConfig: Setting CVar [[r.Shadow.MaxCSMResolution:2048]]
[2020.03.17-17.11.15:770][  0]LogConfig: Setting CVar [[r.Shadow.RadiusThreshold:0.01]]
[2020.03.17-17.11.15:770][  0]LogConfig: Setting CVar [[r.Shadow.DistanceScale:1.0]]
[2020.03.17-17.11.15:770][  0]LogConfig: Setting CVar [[r.Shadow.CSM.TransitionScale:1.0]]
[2020.03.17-17.11.15:770][  0]LogConfig: Setting CVar [[r.Shadow.PreShadowResolutionFactor:1.0]]
[2020.03.17-17.11.15:770][  0]LogConfig: Setting CVar [[r.DistanceFieldShadowing:1]]
[2020.03.17-17.11.15:770][  0]LogConfig: Setting CVar [[r.DistanceFieldAO:1]]
[2020.03.17-17.11.15:770][  0]LogConfig: Setting CVar [[r.AOQuality:2]]
[2020.03.17-17.11.15:770][  0]LogConfig: Setting CVar [[r.VolumetricFog:1]]
[2020.03.17-17.11.15:770][  0]LogConfig: Setting CVar [[r.VolumetricFog.GridPixelSize:8]]
[2020.03.17-17.11.15:770][  0]LogConfig: Setting CVar [[r.VolumetricFog.GridSizeZ:128]]
[2020.03.17-17.11.15:770][  0]LogConfig: Setting CVar [[r.VolumetricFog.HistoryMissSupersampleCount:4]]
[2020.03.17-17.11.15:770][  0]LogConfig: Setting CVar [[r.LightMaxDrawDistanceScale:1]]
[2020.03.17-17.11.15:770][  0]LogConfig: Setting CVar [[r.CapsuleShadows:1]]
[2020.03.17-17.11.15:770][  0]LogConfig: Applying CVar settings from Section [PostProcessQuality@3] File [D:/RepositoriDefinitiu/Projecte-Motors-de-Joc/Projecte Unreal/Saved/Config/Windows/Scalability.ini]
[2020.03.17-17.11.15:770][  0]LogConfig: Setting CVar [[r.MotionBlurQuality:4]]
[2020.03.17-17.11.15:770][  0]LogConfig: Setting CVar [[r.AmbientOcclusionMipLevelFactor:0.4]]
[2020.03.17-17.11.15:771][  0]LogConfig: Setting CVar [[r.AmbientOcclusionMaxQuality:100]]
[2020.03.17-17.11.15:771][  0]LogConfig: Setting CVar [[r.AmbientOcclusionLevels:-1]]
[2020.03.17-17.11.15:771][  0]LogConfig: Setting CVar [[r.AmbientOcclusionRadiusScale:1.0]]
[2020.03.17-17.11.15:771][  0]LogConfig: Setting CVar [[r.DepthOfFieldQuality:2]]
[2020.03.17-17.11.15:771][  0]LogConfig: Setting CVar [[r.RenderTargetPoolMin:400]]
[2020.03.17-17.11.15:771][  0]LogConfig: Setting CVar [[r.LensFlareQuality:2]]
[2020.03.17-17.11.15:771][  0]LogConfig: Setting CVar [[r.SceneColorFringeQuality:1]]
[2020.03.17-17.11.15:771][  0]LogConfig: Setting CVar [[r.EyeAdaptationQuality:2]]
[2020.03.17-17.11.15:771][  0]LogConfig: Setting CVar [[r.BloomQuality:5]]
[2020.03.17-17.11.15:771][  0]LogConfig: Setting CVar [[r.FastBlurThreshold:100]]
[2020.03.17-17.11.15:771][  0]LogConfig: Setting CVar [[r.Upscale.Quality:3]]
[2020.03.17-17.11.15:771][  0]LogConfig: Setting CVar [[r.Tonemapper.GrainQuantization:1]]
[2020.03.17-17.11.15:771][  0]LogConfig: Setting CVar [[r.LightShaftQuality:1]]
[2020.03.17-17.11.15:771][  0]LogConfig: Setting CVar [[r.Filter.SizeScale:1]]
[2020.03.17-17.11.15:771][  0]LogConfig: Setting CVar [[r.Tonemapper.Quality:5]]
[2020.03.17-17.11.15:771][  0]LogConfig: Setting CVar [[r.DOF.Gather.AccumulatorQuality:1        ; higher gathering accumulator quality]]
[2020.03.17-17.11.15:772][  0]LogConfig: Setting CVar [[r.DOF.Gather.PostfilterMethod:1          ; Median3x3 postfilering method]]
[2020.03.17-17.11.15:772][  0]LogConfig: Setting CVar [[r.DOF.Gather.EnableBokehSettings:0       ; no bokeh simulation when gathering]]
[2020.03.17-17.11.15:772][  0]LogConfig: Setting CVar [[r.DOF.Gather.RingCount:4                 ; medium number of samples when gathering]]
[2020.03.17-17.11.15:772][  0]LogConfig: Setting CVar [[r.DOF.Scatter.ForegroundCompositing:1    ; additive foreground scattering]]
[2020.03.17-17.11.15:772][  0]LogConfig: Setting CVar [[r.DOF.Scatter.BackgroundCompositing:2    ; additive background scattering]]
[2020.03.17-17.11.15:772][  0]LogConfig: Setting CVar [[r.DOF.Scatter.EnableBokehSettings:1      ; bokeh simulation when scattering]]
[2020.03.17-17.11.15:772][  0]LogConfig: Setting CVar [[r.DOF.Scatter.MaxSpriteRatio:0.1         ; only a maximum of 10% of scattered bokeh]]
[2020.03.17-17.11.15:772][  0]LogConfig: Setting CVar [[r.DOF.Recombine.Quality:1                ; cheap slight out of focus]]
[2020.03.17-17.11.15:772][  0]LogConfig: Setting CVar [[r.DOF.Recombine.EnableBokehSettings:0    ; no bokeh simulation on slight out of focus]]
[2020.03.17-17.11.15:772][  0]LogConfig: Setting CVar [[r.DOF.TemporalAAQuality:1                ; more stable temporal accumulation]]
[2020.03.17-17.11.15:772][  0]LogConfig: Setting CVar [[r.DOF.Kernel.MaxForegroundRadius:0.025]]
[2020.03.17-17.11.15:772][  0]LogConfig: Setting CVar [[r.DOF.Kernel.MaxBackgroundRadius:0.025]]
[2020.03.17-17.11.15:772][  0]LogConfig: Applying CVar settings from Section [TextureQuality@3] File [D:/RepositoriDefinitiu/Projecte-Motors-de-Joc/Projecte Unreal/Saved/Config/Windows/Scalability.ini]
[2020.03.17-17.11.15:772][  0]LogConfig: Setting CVar [[r.Streaming.MipBias:0]]
[2020.03.17-17.11.15:772][  0]LogConfig: Setting CVar [[r.Streaming.AmortizeCPUToGPUCopy:0]]
[2020.03.17-17.11.15:772][  0]LogConfig: Setting CVar [[r.Streaming.MaxNumTexturesToStreamPerFrame:0]]
[2020.03.17-17.11.15:773][  0]LogConfig: Setting CVar [[r.Streaming.Boost:1]]
[2020.03.17-17.11.15:773][  0]LogConfig: Setting CVar [[r.MaxAnisotropy:8]]
[2020.03.17-17.11.15:773][  0]LogConfig: Setting CVar [[r.VT.MaxAnisotropy:8]]
[2020.03.17-17.11.15:773][  0]LogConfig: Setting CVar [[r.Streaming.LimitPoolSizeToVRAM:0]]
[2020.03.17-17.11.15:773][  0]LogConfig: Setting CVar [[r.Streaming.PoolSize:1000]]
[2020.03.17-17.11.15:773][  0]LogConfig: Setting CVar [[r.Streaming.MaxEffectiveScreenSize:0]]
[2020.03.17-17.11.15:773][  0]LogConfig: Applying CVar settings from Section [EffectsQuality@3] File [D:/RepositoriDefinitiu/Projecte-Motors-de-Joc/Projecte Unreal/Saved/Config/Windows/Scalability.ini]
[2020.03.17-17.11.15:773][  0]LogConfig: Setting CVar [[r.TranslucencyLightingVolumeDim:64]]
[2020.03.17-17.11.15:773][  0]LogConfig: Setting CVar [[r.RefractionQuality:2]]
[2020.03.17-17.11.15:773][  0]LogConfig: Setting CVar [[r.SSR.Quality:3]]
[2020.03.17-17.11.15:773][  0]LogConfig: Setting CVar [[r.SSR.HalfResSceneColor:0]]
[2020.03.17-17.11.15:773][  0]LogConfig: Setting CVar [[r.SceneColorFormat:4]]
[2020.03.17-17.11.15:773][  0]LogConfig: Setting CVar [[r.DetailMode:2]]
[2020.03.17-17.11.15:773][  0]LogConfig: Setting CVar [[r.TranslucencyVolumeBlur:1]]
[2020.03.17-17.11.15:773][  0]LogConfig: Setting CVar [[r.MaterialQualityLevel:1 ; High quality]]
[2020.03.17-17.11.15:773][  0]LogConfig: Setting CVar [[r.SSS.Scale:1]]
[2020.03.17-17.11.15:773][  0]LogConfig: Setting CVar [[r.SSS.SampleSet:2]]
[2020.03.17-17.11.15:773][  0]LogConfig: Setting CVar [[r.SSS.Quality:1]]
[2020.03.17-17.11.15:774][  0]LogConfig: Setting CVar [[r.SSS.HalfRes:1]]
[2020.03.17-17.11.15:774][  0]LogConfig: Setting CVar [[r.SSGI.Quality:3]]
[2020.03.17-17.11.15:774][  0]LogConfig: Setting CVar [[r.EmitterSpawnRateScale:1.0]]
[2020.03.17-17.11.15:774][  0]LogConfig: Setting CVar [[r.ParticleLightQuality:2]]
[2020.03.17-17.11.15:774][  0]LogConfig: Setting CVar [[r.SkyAtmosphere.AerialPerspectiveLUT.FastApplyOnOpaque:1 ; Always have FastSkyLUT 1 in this case to avoid wrong sky]]
[2020.03.17-17.11.15:774][  0]LogConfig: Setting CVar [[r.SkyAtmosphere.AerialPerspectiveLUT.SampleCountPerSlice:1]]
[2020.03.17-17.11.15:774][  0]LogConfig: Setting CVar [[r.SkyAtmosphere.AerialPerspectiveLUT.DepthResolution:16.0]]
[2020.03.17-17.11.15:774][  0]LogConfig: Setting CVar [[r.SkyAtmosphere.FastSkyLUT:1]]
[2020.03.17-17.11.15:774][  0]LogConfig: Setting CVar [[r.SkyAtmosphere.FastSkyLUT.SampleCountMin:4.0]]
[2020.03.17-17.11.15:774][  0]LogConfig: Setting CVar [[r.SkyAtmosphere.FastSkyLUT.SampleCountMax:32.0]]
[2020.03.17-17.11.15:774][  0]LogConfig: Setting CVar [[r.SkyAtmosphere.SampleCountMin:4.0]]
[2020.03.17-17.11.15:774][  0]LogConfig: Setting CVar [[r.SkyAtmosphere.SampleCountMax:32.0]]
[2020.03.17-17.11.15:774][  0]LogConfig: Setting CVar [[r.SkyAtmosphere.TransmittanceLUT.UseSmallFormat:0]]
[2020.03.17-17.11.15:774][  0]LogConfig: Setting CVar [[r.SkyAtmosphere.TransmittanceLUT.SampleCount:10.0]]
[2020.03.17-17.11.15:774][  0]LogConfig: Setting CVar [[r.SkyAtmosphere.MultiScatteringLUT.SampleCount:15.0]]
[2020.03.17-17.11.15:774][  0]LogConfig: Applying CVar settings from Section [FoliageQuality@3] File [D:/RepositoriDefinitiu/Projecte-Motors-de-Joc/Projecte Unreal/Saved/Config/Windows/Scalability.ini]
[2020.03.17-17.11.15:774][  0]LogConfig: Setting CVar [[foliage.DensityScale:1.0]]
[2020.03.17-17.11.15:774][  0]LogConfig: Setting CVar [[grass.DensityScale:1.0]]
[2020.03.17-17.11.15:774][  0]LogConfig: Applying CVar settings from Section [ShadingQuality@3] File [D:/RepositoriDefinitiu/Projecte-Motors-de-Joc/Projecte Unreal/Saved/Config/Windows/Scalability.ini]
[2020.03.17-17.11.15:774][  0]LogConfig: Setting CVar [[r.HairStrands.SkyLighting.SampleCount:16]]
[2020.03.17-17.11.15:774][  0]LogConfig: Setting CVar [[r.HairStrands.SkyLighting.JitterIntegration:0]]
[2020.03.17-17.11.15:774][  0]LogConfig: Setting CVar [[r.HairStrands.SkyAO.SampleCount:16]]
[2020.03.17-17.11.15:774][  0]LogConfig: Applying CVar settings from Section [Startup] File [../../../Engine/Config/ConsoleVariables.ini]
[2020.03.17-17.11.15:776][  0]LogConfig: Setting CVar [[net.UseAdaptiveNetUpdateFrequency:0]]
[2020.03.17-17.11.15:776][  0]LogConfig: Setting CVar [[p.chaos.AllowCreatePhysxBodies:1]]
[2020.03.17-17.11.15:776][  0]LogConfig: Applying CVar settings from Section [ConsoleVariables] File [D:/RepositoriDefinitiu/Projecte-Motors-de-Joc/Projecte Unreal/Saved/Config/Windows/Engine.ini]
[2020.03.17-17.11.15:776][  0]LogInit: Computer: DESKTOP-6HCS4VP
[2020.03.17-17.11.15:776][  0]LogInit: User: usuario
[2020.03.17-17.11.15:776][  0]LogInit: CPU Page size=4096, Cores=4
[2020.03.17-17.11.15:777][  0]LogInit: High frequency timer resolution =10.000000 MHz
[2020.03.17-17.11.15:777][  0]LogMemory: Memory total: Physical=23.8GB (24GB approx)
[2020.03.17-17.11.15:777][  0]LogMemory: Platform Memory Stats for Windows
[2020.03.17-17.11.15:777][  0]LogMemory: Process Physical Memory: 105.55 MB used, 105.56 MB peak
[2020.03.17-17.11.15:777][  0]LogMemory: Process Virtual Memory: 100.43 MB used, 100.43 MB peak
[2020.03.17-17.11.15:777][  0]LogMemory: Physical Memory: 19487.07 MB used,  4901.43 MB free, 24388.50 MB total
[2020.03.17-17.11.15:777][  0]LogMemory: Virtual Memory: 5103.33 MB used,  134212624.00 MB free, 134217728.00 MB total
[2020.03.17-17.11.15:786][  0]LogWindows: WindowsPlatformFeatures enabled
[2020.03.17-17.11.15:859][  0]LogInit: Overriding language with editor language configuration option (en).
[2020.03.17-17.11.15:859][  0]LogInit: Overriding locale with editor locale configuration option (en).
[2020.03.17-17.11.16:324][  0]LogInit: Setting process to per monitor DPI aware
[2020.03.17-17.11.16:414][  0]LogSlate: New Slate User Created.  User Index 0, Is Virtual User: 0
[2020.03.17-17.11.16:414][  0]LogSlate: Slate User Registered.  User Index 0, Is Virtual User: 0
[2020.03.17-17.11.17:447][  0]LogHMD: Failed to initialize OpenVR with code 110
[2020.03.17-17.11.17:447][  0]LogD3D11RHI: D3D11 min allowed feature level: 11_0
[2020.03.17-17.11.17:448][  0]LogD3D11RHI: D3D11 max allowed feature level: 11_0
[2020.03.17-17.11.17:448][  0]LogD3D11RHI: D3D11 adapters:
[2020.03.17-17.11.17:561][  0]LogD3D11RHI:    0. 'NVIDIA GeForce GTX 960M' (Feature Level 11_0)
[2020.03.17-17.11.17:562][  0]LogD3D11RHI:       2017/0/12194 MB DedicatedVideo/DedicatedSystem/SharedSystem, Outputs:1, VendorId:0x10de
[2020.03.17-17.11.17:585][  0]LogD3D11RHI:    1. 'Intel(R) HD Graphics 530' (Feature Level 11_0)
[2020.03.17-17.11.17:585][  0]LogD3D11RHI:       128/0/12194 MB DedicatedVideo/DedicatedSystem/SharedSystem, Outputs:0, VendorId:0x8086
[2020.03.17-17.11.17:590][  0]LogD3D11RHI:    2. 'Microsoft Basic Render Driver' (Feature Level 11_0)
[2020.03.17-17.11.17:590][  0]LogD3D11RHI:       0/0/12194 MB DedicatedVideo/DedicatedSystem/SharedSystem, Outputs:0, VendorId:0x1414
[2020.03.17-17.11.17:591][  0]LogD3D11RHI: Chosen D3D11 Adapter: 0
[2020.03.17-17.11.17:747][  0]LogD3D11RHI: Creating new Direct3DDevice
[2020.03.17-17.11.17:747][  0]LogD3D11RHI:     GPU DeviceId: 0x139b (for the marketing name, search the web for "GPU Device Id")
[2020.03.17-17.11.17:747][  0]LogWindows: EnumDisplayDevices:
[2020.03.17-17.11.17:747][  0]LogWindows:    0. 'Intel(R) HD Graphics 530' (P:1 D:1)
[2020.03.17-17.11.17:748][  0]LogWindows:    1. 'Intel(R) HD Graphics 530' (P:0 D:0)
[2020.03.17-17.11.17:749][  0]LogWindows:    2. 'Intel(R) HD Graphics 530' (P:0 D:0)
[2020.03.17-17.11.17:750][  0]LogWindows:    3. 'NVIDIA GeForce GTX 960M' (P:0 D:0)
[2020.03.17-17.11.17:750][  0]LogWindows:    4. 'NVIDIA GeForce GTX 960M' (P:0 D:0)
[2020.03.17-17.11.17:751][  0]LogWindows:    5. 'NVIDIA GeForce GTX 960M' (P:0 D:0)
[2020.03.17-17.11.17:752][  0]LogWindows:    6. 'NVIDIA GeForce GTX 960M' (P:0 D:0)
[2020.03.17-17.11.17:752][  0]LogWindows: DebugString: PrimaryIsNotTheChoosenAdapter PrimaryIsNotTheChoosenAdapter PrimaryIsNotTheChoosenAdapter FoundDriverCount:4 
[2020.03.17-17.11.17:752][  0]LogD3D11RHI:     Adapter Name: NVIDIA GeForce GTX 960M
[2020.03.17-17.11.17:752][  0]LogD3D11RHI:   Driver Version: 382.05 (internal:22.21.13.8205, unified:382.05)
[2020.03.17-17.11.17:752][  0]LogD3D11RHI:      Driver Date: 5-1-2017
[2020.03.17-17.11.17:752][  0]LogRHI: Texture pool is 1412 MB (70% of 2017 MB)
[2020.03.17-17.11.17:822][  0]LogD3D11RHI: RHI does not have support for 64 bit atomics
[2020.03.17-17.11.17:822][  0]LogD3D11RHI: Async texture creation enabled
[2020.03.17-17.11.17:839][  0]LogD3D11RHI: GPU Timing Frequency: 1000.000000 (Debug: 2 1)
[2020.03.17-17.11.18:867][  0]LogTargetPlatformManager: Display: Loaded TargetPlatform 'AllDesktop'
[2020.03.17-17.11.18:944][  0]LogTargetPlatformManager: Display: Loaded TargetPlatform 'Android'
[2020.03.17-17.11.18:944][  0]LogTargetPlatformManager: Display: Loaded TargetPlatform 'Android_ASTC'
[2020.03.17-17.11.18:944][  0]LogTargetPlatformManager: Display: Loaded TargetPlatform 'Android_ATC'
[2020.03.17-17.11.18:944][  0]LogTargetPlatformManager: Display: Loaded TargetPlatform 'Android_DXT'
[2020.03.17-17.11.18:944][  0]LogTargetPlatformManager: Display: Loaded TargetPlatform 'Android_ETC1'
[2020.03.17-17.11.18:944][  0]LogTargetPlatformManager: Display: Loaded TargetPlatform 'Android_ETC1a'
[2020.03.17-17.11.18:944][  0]LogTargetPlatformManager: Display: Loaded TargetPlatform 'Android_ETC2'
[2020.03.17-17.11.18:944][  0]LogTargetPlatformManager: Display: Loaded TargetPlatform 'Android_PVRTC'
[2020.03.17-17.11.18:944][  0]LogTargetPlatformManager: Display: Loaded TargetPlatform 'AndroidClient'
[2020.03.17-17.11.18:944][  0]LogTargetPlatformManager: Display: Loaded TargetPlatform 'Android_ASTCClient'
[2020.03.17-17.11.18:944][  0]LogTargetPlatformManager: Display: Loaded TargetPlatform 'Android_ATCClient'
[2020.03.17-17.11.18:944][  0]LogTargetPlatformManager: Display: Loaded TargetPlatform 'Android_DXTClient'
[2020.03.17-17.11.18:945][  0]LogTargetPlatformManager: Display: Loaded TargetPlatform 'Android_ETC1Client'
[2020.03.17-17.11.18:945][  0]LogTargetPlatformManager: Display: Loaded TargetPlatform 'Android_ETC1aClient'
[2020.03.17-17.11.18:945][  0]LogTargetPlatformManager: Display: Loaded TargetPlatform 'Android_ETC2Client'
[2020.03.17-17.11.18:945][  0]LogTargetPlatformManager: Display: Loaded TargetPlatform 'Android_PVRTCClient'
[2020.03.17-17.11.18:945][  0]LogTargetPlatformManager: Display: Loaded TargetPlatform 'Android_Multi'
[2020.03.17-17.11.18:945][  0]LogTargetPlatformManager: Display: Loaded TargetPlatform 'Android_MultiClient'
[2020.03.17-17.11.18:986][  0]LogTargetPlatformManager: Display: Loaded TargetPlatform 'IOSClient'
[2020.03.17-17.11.18:986][  0]LogTargetPlatformManager: Display: Loaded TargetPlatform 'IOS'
[2020.03.17-17.11.19:004][  0]LogTargetPlatformManager: Display: Loaded TargetPlatform 'LinuxNoEditor'
[2020.03.17-17.11.19:023][  0]LogTargetPlatformManager: Display: Loaded TargetPlatform 'LinuxClient'
[2020.03.17-17.11.19:040][  0]LogTargetPlatformManager: Display: Loaded TargetPlatform 'LinuxServer'
[2020.03.17-17.11.19:056][  0]LogTargetPlatformManager: Display: Loaded TargetPlatform 'LinuxAArch64NoEditor'
[2020.03.17-17.11.19:070][  0]LogTargetPlatformManager: Display: Loaded TargetPlatform 'LinuxAArch64Client'
[2020.03.17-17.11.19:085][  0]LogTargetPlatformManager: Display: Loaded TargetPlatform 'LinuxAArch64Server'
[2020.03.17-17.11.19:135][  0]LogTargetPlatformManager: Display: Loaded TargetPlatform 'Lumin'
[2020.03.17-17.11.19:136][  0]LogTargetPlatformManager: Display: Loaded TargetPlatform 'LuminClient'
[2020.03.17-17.11.19:161][  0]LogTargetPlatformManager: Display: Loaded TargetPlatform 'TVOSClient'
[2020.03.17-17.11.19:161][  0]LogTargetPlatformManager: Display: Loaded TargetPlatform 'TVOS'
[2020.03.17-17.11.19:174][  0]LogTargetPlatformManager: Display: Loaded TargetPlatform 'WindowsNoEditor'
[2020.03.17-17.11.19:189][  0]LogTargetPlatformManager: Display: Loaded TargetPlatform 'Windows'
[2020.03.17-17.11.19:201][  0]LogTargetPlatformManager: Display: Loaded TargetPlatform 'WindowsClient'
[2020.03.17-17.11.19:216][  0]LogTargetPlatformManager: Display: Loaded TargetPlatform 'WindowsServer'
[2020.03.17-17.11.19:216][  0]LogTargetPlatformManager: Display: Building Assets For Windows
[2020.03.17-17.11.19:225][  0]LogAudioDebug: Display: Lib vorbis DLL was dynamically loaded.
[2020.03.17-17.11.19:296][  0]LogShaderCompilers: Guid format shader working directory is -26 characters bigger than the processId version (../../../../../RepositoriDefinitiu/Projecte-Motors-de-Joc/Projecte Unreal/Intermediate/Shaders/WorkingDirectory/11528/).
[2020.03.17-17.11.19:296][  0]LogShaderCompilers: Cleaned the shader compiler working directory 'C:/Users/usuario/AppData/Local/Temp/UnrealShaderWorkingDir/57F3FD4D4E9FE02A4036EE9724F93F98/'.
[2020.03.17-17.11.19:298][  0]LogXGEController: Cannot use XGE Controller as Incredibuild is not installed on this machine.
[2020.03.17-17.11.19:298][  0]LogShaderCompilers: Cannot use XGE Shader Compiler as Incredibuild is not installed on this machine.
[2020.03.17-17.11.19:298][  0]LogShaderCompilers: Display: Using Local Shader Compiler.
[2020.03.17-17.11.21:013][  0]LogDerivedDataCache: Display: Max Cache Size: 512 MB
[2020.03.17-17.11.21:497][  0]LogDerivedDataCache: Loaded boot cache 0.48s 78MB C:/Users/usuario/AppData/Local/UnrealEngine/4.24/DerivedDataCache/Boot.ddc.
[2020.03.17-17.11.21:497][  0]LogDerivedDataCache: Display: Loaded Boot cache: C:/Users/usuario/AppData/Local/UnrealEngine/4.24/DerivedDataCache/Boot.ddc
[2020.03.17-17.11.21:497][  0]LogDerivedDataCache: FDerivedDataBackendGraph:  Pak pak cache file ../../../../../RepositoriDefinitiu/Projecte-Motors-de-Joc/Projecte Unreal/DerivedDataCache/DDC.ddp not found, will not use a pak cache.
[2020.03.17-17.11.21:497][  0]LogDerivedDataCache: Unable to find inner node Pak for hierarchical cache Hierarchy.
[2020.03.17-17.11.21:497][  0]LogDerivedDataCache: FDerivedDataBackendGraph:  CompressedPak pak cache file ../../../../../RepositoriDefinitiu/Projecte-Motors-de-Joc/Projecte Unreal/DerivedDataCache/Compressed.ddp not found, will not use a pak cache.
[2020.03.17-17.11.21:497][  0]LogDerivedDataCache: Unable to find inner node CompressedPak for hierarchical cache Hierarchy.
[2020.03.17-17.11.21:516][  0]LogDerivedDataCache: Display: Pak cache opened for reading ../../../Engine/DerivedDataCache/Compressed.ddp.
[2020.03.17-17.11.21:516][  0]LogDerivedDataCache: FDerivedDataBackendGraph:  EnterprisePak pak cache file ../../../Enterprise/DerivedDataCache/Compressed.ddp not found, will not use a pak cache.
[2020.03.17-17.11.21:516][  0]LogDerivedDataCache: Unable to find inner node EnterprisePak for hierarchical cache Hierarchy.
[2020.03.17-17.11.21:518][  0]LogDerivedDataCache: Using Local data cache path C:/Users/usuario/AppData/Local/UnrealEngine/Common/DerivedDataCache: Writable
[2020.03.17-17.11.21:518][  0]LogDerivedDataCache: Shared data cache path not found in *engine.ini, will not use an Shared cache.
[2020.03.17-17.11.21:518][  0]LogDerivedDataCache: Unable to find inner node Shared for hierarchical cache Hierarchy.
[2020.03.17-17.11.21:589][  0]LogMaterial: Verifying Global Shaders for PCD3D_SM5
[2020.03.17-17.11.21:595][  0]LogSlate: Using FreeType 2.10.0
[2020.03.17-17.11.21:598][  0]LogSlate: SlateFontServices - WITH_FREETYPE: 1, WITH_HARFBUZZ: 1
[2020.03.17-17.11.21:829][  0]LogAssetRegistry: FAssetRegistry took 0.0041 seconds to start up
[2020.03.17-17.11.22:535][  0]LogInit: Selected Device Profile: [Windows]
[2020.03.17-17.11.22:865][  0]LogMeshReduction: Using QuadricMeshReduction for automatic static mesh reduction
[2020.03.17-17.11.22:865][  0]LogMeshReduction: Using SimplygonMeshReduction for automatic skeletal mesh reduction
[2020.03.17-17.11.22:865][  0]LogMeshReduction: Using ProxyLODMeshReduction for automatic mesh merging
[2020.03.17-17.11.22:865][  0]LogMeshReduction: No distributed automatic mesh merging module available
[2020.03.17-17.11.22:866][  0]LogMeshMerging: No distributed automatic mesh merging module available
[2020.03.17-17.11.22:886][  0]LogNetVersion: First3PersonProject1 1.0.0, NetCL: 10570792, EngineNetVer: 13, GameNetVer: 0 (Checksum: 1563903559)
[2020.03.17-17.11.26:633][  0]LogPackageLocalizationCache: Processed 10 localized package path(s) for 1 prioritized culture(s) in 0.066690 seconds
[2020.03.17-17.11.26:650][  0]LogUObjectArray: 46750 objects as part of root set at end of initial load.
[2020.03.17-17.11.26:650][  0]LogUObjectAllocator: 8137160 out of 0 bytes used by permanent object pool.
[2020.03.17-17.11.26:650][  0]LogUObjectArray: CloseDisregardForGC: 0/0 objects in disregard for GC pool
[2020.03.17-17.11.27:594][  0]LogTcpMessaging: Initializing TcpMessaging bridge
[2020.03.17-17.11.27:599][  0]LogUdpMessaging: Initializing bridge on interface 0.0.0.0:0 to multicast group 230.0.0.1:6666.
[2020.03.17-17.11.27:700][  0]SourceControl: Source control is disabled
[2020.03.17-17.11.27:700][  0]SourceControl: Source control is disabled
[2020.03.17-17.11.27:705][  0]SourceControl: Source control is disabled
[2020.03.17-17.11.27:708][  0]SourceControl: Source control is disabled
[2020.03.17-17.11.27:711][  0]SourceControl: Source control is disabled
[2020.03.17-17.11.27:893][  0]LogAndroidPermission: UAndroidPermissionCallbackProxy::GetInstance
[2020.03.17-17.11.27:912][  0]LogAudioCaptureCore: Display: No Audio Capture implementations found. Audio input will be silent.
[2020.03.17-17.11.27:912][  0]LogAudioCaptureCore: Display: No Audio Capture implementations found. Audio input will be silent.
[2020.03.17-17.11.28:068][  0]LogOcInput: OculusInput pre-init called
[2020.03.17-17.11.28:081][  0]LogWindows: Failed to load 'OVRPlugin.dll' (GetLastError=126)
[2020.03.17-17.11.28:081][  0]LogWindows: File 'OVRPlugin.dll' does not exist
[2020.03.17-17.11.28:206][  0]LogEngine: Initializing Engine...
[2020.03.17-17.11.28:208][  0]LogHMD: Failed to initialize OpenVR with code 110
[2020.03.17-17.11.28:210][  0]LogStats: UGameplayTagsManager::InitializeManager -  0.000 s
[2020.03.17-17.11.28:934][  0]LogInit: Initializing FReadOnlyCVARCache
[2020.03.17-17.11.28:949][  0]LogAIModule: Creating AISystem for world Untitled
[2020.03.17-17.11.28:986][  0]LogAudioMixer: Display: Audio Mixer Platform Settings:
[2020.03.17-17.11.28:986][  0]LogAudioMixer: Display: 	Sample Rate:						  48000
[2020.03.17-17.11.28:986][  0]LogAudioMixer: Display: 	Callback Buffer Frame Size Requested: 1024
[2020.03.17-17.11.28:986][  0]LogAudioMixer: Display: 	Callback Buffer Frame Size To Use:	  1024
[2020.03.17-17.11.28:986][  0]LogAudioMixer: Display: 	Number of buffers to queue:			  2
[2020.03.17-17.11.28:986][  0]LogAudioMixer: Display: 	Max Channels (voices):				  32
[2020.03.17-17.11.28:986][  0]LogAudioMixer: Display: 	Number of Async Source Workers:		  0
[2020.03.17-17.11.28:986][  0]LogAudio: Display: AudioDevice MaxSources: 32
[2020.03.17-17.11.28:988][  0]LogAudio: Display: Using built-in audio occlusion.
[2020.03.17-17.11.28:989][  0]LogAudioMixer: Display: Initializing audio mixer.
[2020.03.17-17.11.29:094][  0]LogAudioMixer: Display: Audio Device Output Speaker Info:
[2020.03.17-17.11.29:094][  0]LogAudioMixer: Display: Name: Altavoces (Realtek High Definition Audio)
[2020.03.17-17.11.29:094][  0]LogAudioMixer: Display: Is Default: Yes
[2020.03.17-17.11.29:094][  0]LogAudioMixer: Display: Sample Rate: 48000
[2020.03.17-17.11.29:094][  0]LogAudioMixer: Display: Channel Count Used: 2
[2020.03.17-17.11.29:094][  0]LogAudioMixer: Display: Device Channel Count: 2
[2020.03.17-17.11.29:094][  0]LogAudioMixer: Display: Channel Order:
[2020.03.17-17.11.29:094][  0]LogAudioMixer: Display: 0: FrontLeft
[2020.03.17-17.11.29:094][  0]LogAudioMixer: Display: 1: FrontRight
[2020.03.17-17.11.29:158][  0]LogAudioMixer: Display: Using Audio Device Altavoces (Realtek High Definition Audio)
[2020.03.17-17.11.29:169][  0]LogInit: FAudioDevice initialized.
[2020.03.17-17.11.29:169][  0]LogNetVersion: Set ProjectVersion to 1.0.0.0. Version Checksum will be recalculated on next use.
[2020.03.17-17.11.29:427][  0]LogDerivedDataCache: Saved boot cache 0.26s 78MB C:/Users/usuario/AppData/Local/UnrealEngine/4.24/DerivedDataCache/Boot.ddc.
[2020.03.17-17.11.29:427][  0]LogInit: Texture streaming: Enabled
[2020.03.17-17.11.29:450][  0]LogEngineSessionManager: EngineSessionManager initialized
[2020.03.17-17.11.29:450][  0]LogEditorSessionSummary: Verbose: Initializing EditorSessionSummaryWriter for editor session tracking
[2020.03.17-17.11.29:472][  0]LogEditorSessionSummary: EditorSessionSummaryWriter initialized
[2020.03.17-17.11.29:560][  0]LogInit: Transaction tracking system initialized
[2020.03.17-17.11.29:585][  0]BlueprintLog: New page: Editor Load
[2020.03.17-17.11.29:663][  0]LocalizationService: Localization service is disabled
[2020.03.17-17.11.30:409][  0]LogCook: Display: Max memory allowance for cook 16384mb min free memory 0mb
[2020.03.17-17.11.30:409][  0]LogCook: Display: Mobile HDR setting 1
[2020.03.17-17.11.30:627][  0]LogFileCache: Scanning file cache for directory 'D:/RepositoriDefinitiu/Projecte-Motors-de-Joc/Projecte Unreal/Content/' took 0.03s
[2020.03.17-17.11.32:464][  0]SourceControl: Source control is disabled
[2020.03.17-17.11.32:464][  0]Cmd: MAP LOAD FILE="../../../../../RepositoriDefinitiu/Projecte-Motors-de-Joc/Projecte Unreal/Content/ThirdPersonBP/Maps/MainMenuLev.umap" TEMPLATE=0 SHOWPROGRESS=1 FEATURELEVEL=3
[2020.03.17-17.11.32:465][  0]LightingResults: New page: Lighting Build
[2020.03.17-17.11.32:466][  0]LogWorld: UWorld::CleanupWorld for Untitled, bSessionEnded=true, bCleanupResources=true
[2020.03.17-17.11.32:466][  0]LogSlate: InvalidateAllWidgets triggered.  All widgets were invalidated
[2020.03.17-17.11.32:466][  0]MapCheck: New page: Map Check
[2020.03.17-17.11.32:466][  0]LightingResults: New page: Lighting Build
[2020.03.17-17.11.32:514][  0]LogUObjectHash: Compacting FUObjectHashTables data took   4.33ms
[2020.03.17-17.11.32:557][  0]LogAIModule: Creating AISystem for world MainMenuLev
[2020.03.17-17.11.32:558][  0]LogEditorServer: Finished looking for orphan Actors (0.000 secs)
[2020.03.17-17.11.32:606][  0]LogUObjectHash: Compacting FUObjectHashTables data took   3.74ms
[2020.03.17-17.11.32:607][  0]Cmd: MAP CHECKDEP NOCLEARLOG
[2020.03.17-17.11.32:607][  0]MapCheck: Map check complete: 0 Error(s), 0 Warning(s), took 0.169ms to complete.
[2020.03.17-17.11.32:607][  0]LogFileHelpers: Loading map 'MainMenuLev' took 0.143
[2020.03.17-17.11.32:975][  0]LogSlate: Updating window title bar state: overlay mode, drag disabled, window buttons hidden, title bar hidden
[2020.03.17-17.11.33:001][  0]LogSlate: Updating window title bar state: overlay mode, drag disabled, window buttons hidden, title bar hidden
[2020.03.17-17.11.33:030][  0]LogSlate: Updating window title bar state: overlay mode, drag disabled, window buttons hidden, title bar hidden
[2020.03.17-17.11.33:050][  0]LogSlate: Updating window title bar state: overlay mode, drag disabled, window buttons hidden, title bar hidden
[2020.03.17-17.11.33:078][  0]LogCollectionManager: Loaded 0 collections in 0.005822 seconds
[2020.03.17-17.11.33:109][  0]LogFileCache: Scanning file cache for directory 'D:/RepositoriDefinitiu/Projecte-Motors-de-Joc/Projecte Unreal/Saved/Collections/' took 0.00s
[2020.03.17-17.11.33:109][  0]LogFileCache: Scanning file cache for directory 'D:/RepositoriDefinitiu/Projecte-Motors-de-Joc/Projecte Unreal/Content/Developers/usuario/Collections/' took 0.00s
[2020.03.17-17.11.33:110][  0]LogFileCache: Scanning file cache for directory 'D:/RepositoriDefinitiu/Projecte-Motors-de-Joc/Projecte Unreal/Content/Collections/' took 0.00s
[2020.03.17-17.11.33:110][  0]LogContentBrowser: Native class hierarchy populated in 0.0203 seconds. Added 3017 classes and 720 folders.
[2020.03.17-17.11.33:114][  0]LogContentBrowser: Native class hierarchy updated for 'WidgetCarousel' in 0.0005 seconds. Added 0 classes and 0 folders.
[2020.03.17-17.11.33:478][  0]LogContentBrowser: Native class hierarchy updated for 'AddContentDialog' in 0.0004 seconds. Added 0 classes and 0 folders.
[2020.03.17-17.11.33:633][  0]LogSlate: Took 0.002895 seconds to synchronously load lazily loaded font '../../../Engine/Content/Slate/Fonts/Roboto-Regular.ttf' (155K)
[2020.03.17-17.11.33:646][  0]LogSlate: Took 0.001711 seconds to synchronously load lazily loaded font '../../../Engine/Content/Slate/Fonts/Roboto-Bold.ttf' (160K)
[2020.03.17-17.11.33:656][  0]LogSlate: Took 0.002928 seconds to synchronously load lazily loaded font '../../../Engine/Content/Editor/Slate/Fonts/FontAwesome.ttf' (139K)
[2020.03.17-17.11.33:830][  0]LogRenderer: Reallocating scene render targets to support 1140x476 Format 10 NumSamples 1 (Frame:1).
[2020.03.17-17.11.34:185][  0]LogContentBrowser: Native class hierarchy updated for 'HierarchicalLODOutliner' in 0.0008 seconds. Added 0 classes and 0 folders.
[2020.03.17-17.11.34:185][  0]LogLoad: (Engine Initialization) Total time: 27.55 seconds
[2020.03.17-17.11.34:185][  0]LogLoad: (Engine Initialization) Total Blueprint compile time: 0.00 seconds
[2020.03.17-17.11.34:265][  0]LogContentStreaming: Texture pool size now 1000 MB
[2020.03.17-17.11.34:313][  0]LogSlate: Took 0.000647 seconds to synchronously load lazily loaded font '../../../Engine/Content/Slate/Fonts/Roboto-Light.ttf' (167K)
[2020.03.17-17.11.34:725][  5]LogAssetRegistry: Asset discovery search completed in 12.8975 seconds
[2020.03.17-17.11.34:732][  5]LogCollectionManager: Fixed up redirectors for 0 collections in 0.000016 seconds (updated 0 objects)
[2020.03.17-17.11.56:475][228]LogSlate: Took 0.000871 seconds to synchronously load lazily loaded font '../../../Engine/Content/Slate/Fonts/Roboto-Light.ttf' (167K)
[2020.03.17-17.11.57:304][228]LogLinker: Warning: While loading '../../../../../RepositoriDefinitiu/Projecte-Motors-de-Joc/Projecte Unreal/Content/BP_Ascensor.uasset' failed to load '/Game/InfinityBladeFireLands/Environments/Fire/Env_Fire_Rocky/StaticMesh/SM_Fire_Fort_Floor_3b': Can't find file.
[2020.03.17-17.11.57:305][228]LogLinker: Warning: While loading '../../../../../RepositoriDefinitiu/Projecte-Motors-de-Joc/Projecte Unreal/Content/BP_Ascensor.uasset' failed to load '/Game/InfinityBladeFireLands/Environments/Fire/Env_Fire_Rocky/StaticMesh/SM_Fire_Fort_Floor_3b': Can't find file.
[2020.03.17-17.11.57:305][228]LogLinker: Warning: While loading '../../../../../RepositoriDefinitiu/Projecte-Motors-de-Joc/Projecte Unreal/Content/BP_Ascensor.uasset' failed to load '/Game/InfinityBladeFireLands/Environments/Fire/Env_Fire_Rocky/StaticMesh/SM_Fire_Fort_Floor_3b': Can't find file.
[2020.03.17-17.11.57:305][228]LogLinker: Warning: While loading '../../../../../RepositoriDefinitiu/Projecte-Motors-de-Joc/Projecte Unreal/Content/BP_Ascensor.uasset' failed to load '/Game/InfinityBladeFireLands/Environments/Fire/Env_Fire_Rocky/StaticMesh/SM_Fire_Fort_Floor_3b': Can't find file.
[2020.03.17-17.11.57:307][228]LogLinker: Warning: While loading '../../../../../RepositoriDefinitiu/Projecte-Motors-de-Joc/Projecte Unreal/Content/ThirdPersonBP/Maps/level1.umap' failed to load '/Game/InfinityBladeFireLands/Environments/Fire/Env_Fire_Rocky/StaticMesh/SM_Fire_Fort_Floor_3b': Can't find file.
[2020.03.17-17.11.57:307][228]LogLinker: Warning: While loading '../../../../../RepositoriDefinitiu/Projecte-Motors-de-Joc/Projecte Unreal/Content/ThirdPersonBP/Maps/level1.umap' failed to load '/Game/InfinityBladeFireLands/Environments/Fire/Env_Fire_Rocky/StaticMesh/SM_Fire_Fort_Floor_3b': Can't find file.
[2020.03.17-17.11.57:307][228]LogLinker: Warning: While loading '../../../../../RepositoriDefinitiu/Projecte-Motors-de-Joc/Projecte Unreal/Content/ThirdPersonBP/Maps/level1.umap' failed to load '/Game/InfinityBladeFireLands/Environments/Fire/Env_Fire_Rocky/StaticMesh/SM_Fire_Fort_Floor_3b': Can't find file.
[2020.03.17-17.11.57:308][228]LogLinker: Warning: While loading '../../../../../RepositoriDefinitiu/Projecte-Motors-de-Joc/Projecte Unreal/Content/ThirdPersonBP/Maps/level1.umap' failed to load '/Game/InfinityBladeFireLands/Environments/Fire/Env_Fire_Rocky/StaticMesh/SM_Fire_Fort_Floor_3b': Can't find file.
[2020.03.17-17.11.57:313][228]LogLinker: Warning: While loading '../../../../../RepositoriDefinitiu/Projecte-Motors-de-Joc/Projecte Unreal/Content/ThirdPersonBP/Maps/level1.umap' failed to load '/Game/InfinityBladeFireLands/Environments/Fire/Env_Fire_Rocky/StaticMesh/SM_Fire_Fort_Floor_3b': Can't find file.
[2020.03.17-17.11.57:313][228]LoadErrors: Failed to load /Game/InfinityBladeFireLands/Environments/Fire/Env_Fire_Rocky/StaticMesh/SM_Fire_Fort_Floor_3b.SM_Fire_Fort_Floor_3b Referenced by StaticMesh_GEN_VARIABLE
[2020.03.17-17.11.57:314][228]LogLinker: Warning: While loading '../../../../../RepositoriDefinitiu/Projecte-Motors-de-Joc/Projecte Unreal/Content/ThirdPersonBP/Maps/level1.umap' failed to load '/Game/InfinityBladeFireLands/Environments/Fire/Env_Fire_Rocky/StaticMesh/SM_Fire_Fort_Floor_3b': Can't find file.
[2020.03.17-17.11.59:466][228]LogAIModule: Creating AISystem for world level1
[2020.03.17-17.11.59:562][228]LogAssetEditorSubsystem: Opening Asset editor for World /Game/ThirdPersonBP/Maps/level1.level1
[2020.03.17-17.11.59:655][228]LogUObjectHash: Compacting FUObjectHashTables data took   8.49ms
[2020.03.17-17.11.59:668][228]Cmd: MAP LOAD FILE="../../../../../RepositoriDefinitiu/Projecte-Motors-de-Joc/Projecte Unreal/Content/ThirdPersonBP/Maps/level1.umap" TEMPLATE=0 SHOWPROGRESS=1 FEATURELEVEL=3
[2020.03.17-17.11.59:672][228]LightingResults: New page: Lighting Build
[2020.03.17-17.11.59:674][228]LoadErrors: New page: Loading map: level1.umap
[2020.03.17-17.11.59:675][228]LogWorld: UWorld::CleanupWorld for MainMenuLev, bSessionEnded=true, bCleanupResources=true
[2020.03.17-17.11.59:675][228]LogSlate: InvalidateAllWidgets triggered.  All widgets were invalidated
[2020.03.17-17.11.59:675][228]MapCheck: New page: Map Check
[2020.03.17-17.11.59:675][228]LightingResults: New page: Lighting Build
[2020.03.17-17.11.59:738][228]LogUObjectHash: Compacting FUObjectHashTables data took   4.16ms
[2020.03.17-17.12.00:216][228]LogEditorServer: Finished looking for orphan Actors (0.000 secs)
[2020.03.17-17.12.00:323][228]LogUObjectHash: Compacting FUObjectHashTables data took   3.38ms
[2020.03.17-17.12.00:396][228]Cmd: MAP CHECKDEP NOCLEARLOG
[2020.03.17-17.12.00:397][228]MapCheck: Map check complete: 0 Error(s), 0 Warning(s), took 0.187ms to complete.
[2020.03.17-17.12.00:397][228]LogFileHelpers: Loading map 'level1' took 0.731
[2020.03.17-17.12.08:796][560]LogEditorViewport: Clicking on Actor (LMB): ThirdPersonCharacter_C (ThirdPersonCharacter)
[2020.03.17-17.12.09:578][563]LogEditorViewport: Clicking on Actor (LMB): ThirdPersonCharacter_C (ThirdPersonCharacter)
[2020.03.17-17.12.12:326][666]LogSlate: Took 0.000635 seconds to synchronously load lazily loaded font '../../../Engine/Content/Slate/Fonts/Roboto-Italic.ttf' (157K)
[2020.03.17-17.12.22:561][863]LogEditorViewport: Clicking on Actor (LMB): ThirdPersonCharacter_C (ThirdPersonCharacter)
[2020.03.17-17.12.36:471][538]LogBlueprint: Warning: [Compiler Ue4ASP_Character] InputAction Event references unknown Action 'Crouch' for  InputAction Crouch
[2020.03.17-17.13.26:782][959]LogAnimation: Warning: AnimBP GuardAnimationBlueprint_C is incompatible with skeleton UE4_Mannequin_Skeleton, removing AnimBP from actor.
[2020.03.17-17.13.35:998][337]LogEditorViewport: Clicking on Actor (LMB): Ue4ASP_Character_C (Ue4ASP_Character)
[2020.03.17-17.13.38:308][462]Cmd: DELETE
[2020.03.17-17.13.38:308][462]Cmd: ACTOR DELETE
[2020.03.17-17.13.38:348][462]LogEditorActor: Deleted Actor: Ue4ASP_Character_C
[2020.03.17-17.13.38:402][462]LogUObjectHash: Compacting FUObjectHashTables data took   3.74ms
[2020.03.17-17.13.38:405][462]LogEditorActor: Deleted 1 Actors (0.076 secs)
[2020.03.17-17.13.39:527][526]LogEditorViewport: Clicking on Actor (LMB): Ue4ASP_Character_C (Ue4ASP_Character2)
[2020.03.17-17.13.58:733][538]LogEditorViewport: Clicking on Actor (LMB): ThirdPersonCharacter_C (ThirdPersonCharacter)
[2020.03.17-17.14.18:452][588]LogAssetEditorSubsystem: Opening Asset editor for Blueprint /Game/AnimStarterPack/Ue4ASP_Character.Ue4ASP_Character
[2020.03.17-17.14.18:823][588]LogContentBrowser: Native class hierarchy updated for 'BlueprintGraph' in 0.0006 seconds. Added 121 classes and 0 folders.
[2020.03.17-17.14.20:366][588]LogSlate: Took 0.001844 seconds to synchronously load lazily loaded font '../../../Engine/Content/Slate/Fonts/Roboto-BoldCondensed.ttf' (158K)
[2020.03.17-17.14.29:380][853]LogSlate: Window 'Ue4ASP_Character' being destroyed
[2020.03.17-17.14.29:404][853]LogSlate: Window 'Ue4ASP_Character' being destroyed
[2020.03.17-17.14.29:406][853]LogWorld: UWorld::CleanupWorld for World_11, bSessionEnded=true, bCleanupResources=true
[2020.03.17-17.14.29:406][853]LogSlate: InvalidateAllWidgets triggered.  All widgets were invalidated
[2020.03.17-17.14.30:904][920]LogEditorViewport: Clicking on Actor (LMB): Ue4ASP_Character_C (Ue4ASP_Character2)
[2020.03.17-17.14.57:492][157]LogAssetEditorSubsystem: Opening Asset editor for Blueprint /Game/AnimStarterPack/Ue4ASP_Character.Ue4ASP_Character
[2020.03.17-17.15.00:862][232]LogSlate: Window 'Ue4ASP_Character' being destroyed
[2020.03.17-17.15.00:892][232]LogSlate: Window 'Ue4ASP_Character' being destroyed
[2020.03.17-17.15.00:893][232]LogWorld: UWorld::CleanupWorld for World_13, bSessionEnded=true, bCleanupResources=true
[2020.03.17-17.15.00:893][232]LogSlate: InvalidateAllWidgets triggered.  All widgets were invalidated
[2020.03.17-17.15.02:682][308]LogEditorViewport: Clicking on Actor (LMB): ThirdPersonCharacter_C (ThirdPersonCharacter)
[2020.03.17-17.15.11:199][692]LogAssetEditorSubsystem: Opening Asset editor for AnimBlueprint /Game/Mannequin/Animations/ThirdPerson_AnimBP.ThirdPerson_AnimBP
[2020.03.17-17.15.11:214][692]LogContentBrowser: Native class hierarchy updated for 'SkeletonEditor' in 0.0005 seconds. Added 1 classes and 2 folders.
[2020.03.17-17.15.11:566][692]LogActorComponent: RegisterComponentWithWorld: (/Engine/Transient.World_16:PersistentLevel.AnimationEditorPreviewActor_0.DebugSkelMeshComponent_0) Already registered. Aborting.
[2020.03.17-17.15.11:568][692]LogContentBrowser: Native class hierarchy updated for 'PinnedCommandList' in 0.0005 seconds. Added 1 classes and 0 folders.
[2020.03.17-17.15.12:085][692]LogSkeletalMesh: USkeletalMeshComponent::InitArticulated : Bodies already created (/Engine/Transient.World_16:PersistentLevel.AnimationEditorPreviewActor_0.DebugSkelMeshComponent_0) - call TermArticulated first.
[2020.03.17-17.15.13:054][692]LogContentBrowser: Verbose: The majority of assets in the view are of type: AnimSequence
[2020.03.17-17.15.34:050][426]LogAssetEditorSubsystem: Opening Asset editor for PhysicsAsset /Game/Mannequin/Character/Mesh/SK_Mannequin_PhysicsAsset.SK_Mannequin_PhysicsAsset
[2020.03.17-17.15.34:087][426]LogContentBrowser: Native class hierarchy updated for 'PhysicsAssetEditor' in 0.0007 seconds. Added 7 classes and 3 folders.
[2020.03.17-17.15.34:117][426]LogActorComponent: RegisterComponentWithWorld: (/Engine/Transient.World_19:PersistentLevel.AnimationEditorPreviewActor_0.PhysicsAssetEditorSkeletalMeshComponent_0) Already registered. Aborting.
[2020.03.17-17.15.35:311][427]LogRenderer: Reallocating scene render targets to support 1144x884 Format 10 NumSamples 1 (Frame:1).
[2020.03.17-17.15.35:657][431]LogAssetEditorSubsystem: Opening Asset editor for BlendSpace1D /Game/Mannequin/Animations/ThirdPerson_IdleRun_2D.ThirdPerson_IdleRun_2D
[2020.03.17-17.15.35:685][431]LogActorComponent: RegisterComponentWithWorld: (/Engine/Transient.World_20:PersistentLevel.AnimationEditorPreviewActor_0.DebugSkelMeshComponent_0) Already registered. Aborting.
[2020.03.17-17.15.35:777][431]LogSkeletalMesh: USkeletalMeshComponent::InitArticulated : Bodies already created (/Engine/Transient.World_20:PersistentLevel.AnimationEditorPreviewActor_0.DebugSkelMeshComponent_0) - call TermArticulated first.
[2020.03.17-17.15.37:143][431]LogContentBrowser: Verbose: The majority of assets in the view are of type: AnimSequence
[2020.03.17-17.15.45:410][680]LogAssetEditorSubsystem: Opening Asset editor for Skeleton /Game/Mannequin/Character/Mesh/UE4_Mannequin_Skeleton.UE4_Mannequin_Skeleton
[2020.03.17-17.15.45:420][680]LogActorComponent: RegisterComponentWithWorld: (/Engine/Transient.World_22:PersistentLevel.AnimationEditorPreviewActor_0.DebugSkelMeshComponent_0) Already registered. Aborting.
[2020.03.17-17.15.45:508][680]LogSkeletalMesh: USkeletalMeshComponent::InitArticulated : Bodies already created (/Engine/Transient.World_22:PersistentLevel.AnimationEditorPreviewActor_0.DebugSkelMeshComponent_0) - call TermArticulated first.
[2020.03.17-17.15.50:945][855]LogWorld: UWorld::CleanupWorld for World_22, bSessionEnded=true, bCleanupResources=true
[2020.03.17-17.15.50:945][855]LogSlate: InvalidateAllWidgets triggered.  All widgets were invalidated
[2020.03.17-17.15.52:765][907]LogWorld: UWorld::CleanupWorld for World_20, bSessionEnded=true, bCleanupResources=true
[2020.03.17-17.15.52:765][907]LogSlate: InvalidateAllWidgets triggered.  All widgets were invalidated
[2020.03.17-17.15.52:900][907]LogWorld: UWorld::CleanupWorld for World_21, bSessionEnded=true, bCleanupResources=true
[2020.03.17-17.15.52:900][907]LogSlate: InvalidateAllWidgets triggered.  All widgets were invalidated
[2020.03.17-17.15.54:088][940]LogSlate: Window 'SK_Mannequin_PhysicsAsset' being destroyed
[2020.03.17-17.15.54:102][940]LogSlate: Window 'SK_Mannequin_PhysicsAsset' being destroyed
[2020.03.17-17.15.54:154][940]LogWorld: UWorld::CleanupWorld for World_16, bSessionEnded=true, bCleanupResources=true
[2020.03.17-17.15.54:154][940]LogSlate: InvalidateAllWidgets triggered.  All widgets were invalidated
[2020.03.17-17.15.54:172][940]LogWorld: UWorld::CleanupWorld for World_15, bSessionEnded=true, bCleanupResources=true
[2020.03.17-17.15.54:173][940]LogSlate: InvalidateAllWidgets triggered.  All widgets were invalidated
[2020.03.17-17.15.54:338][940]LogWorld: UWorld::CleanupWorld for World_17, bSessionEnded=true, bCleanupResources=true
[2020.03.17-17.15.54:338][940]LogSlate: InvalidateAllWidgets triggered.  All widgets were invalidated
[2020.03.17-17.15.54:360][940]LogWorld: UWorld::CleanupWorld for World_19, bSessionEnded=true, bCleanupResources=true
[2020.03.17-17.15.54:360][940]LogSlate: InvalidateAllWidgets triggered.  All widgets were invalidated
[2020.03.17-17.16.08:709][402]LogAssetEditorSubsystem: Opening Asset editor for AnimSequence /Game/Mannequin/Animations/Jog_Rt_Rifle.Jog_Rt_Rifle
[2020.03.17-17.16.08:729][402]LogActorComponent: RegisterComponentWithWorld: (/Engine/Transient.World_23:PersistentLevel.AnimationEditorPreviewActor_0.DebugSkelMeshComponent_0) Already registered. Aborting.
[2020.03.17-17.16.08:963][402]LogSkeletalMesh: USkeletalMeshComponent::InitArticulated : Bodies already created (/Engine/Transient.World_23:PersistentLevel.AnimationEditorPreviewActor_0.DebugSkelMeshComponent_0) - call TermArticulated first.
[2020.03.17-17.16.09:877][402]LogContentBrowser: Verbose: The majority of assets in the view are of type: AnimSequence
[2020.03.17-17.16.12:349][451]LogAssetEditorSubsystem: Opening Asset editor for AnimBlueprint /Game/AnimStarterPack/GuardAnimationBlueprint.GuardAnimationBlueprint
[2020.03.17-17.16.12:377][451]LogActorComponent: RegisterComponentWithWorld: (/Engine/Transient.World_27:PersistentLevel.AnimationEditorPreviewActor_0.DebugSkelMeshComponent_0) Already registered. Aborting.
[2020.03.17-17.16.13:070][451]LogSkeletalMesh: USkeletalMeshComponent::InitArticulated : Bodies already created (/Engine/Transient.World_27:PersistentLevel.AnimationEditorPreviewActor_0.DebugSkelMeshComponent_0) - call TermArticulated first.
[2020.03.17-17.16.13:715][451]LogContentBrowser: Verbose: The majority of assets in the view are of type: AnimSequence
[2020.03.17-17.16.16:043][519]LogWorld: UWorld::CleanupWorld for World_27, bSessionEnded=true, bCleanupResources=true
[2020.03.17-17.16.16:043][519]LogSlate: InvalidateAllWidgets triggered.  All widgets were invalidated
[2020.03.17-17.16.16:060][519]LogWorld: UWorld::CleanupWorld for World_26, bSessionEnded=true, bCleanupResources=true
[2020.03.17-17.16.16:061][519]LogSlate: InvalidateAllWidgets triggered.  All widgets were invalidated
[2020.03.17-17.16.16:200][519]LogWorld: UWorld::CleanupWorld for World_28, bSessionEnded=true, bCleanupResources=true
[2020.03.17-17.16.16:200][519]LogSlate: InvalidateAllWidgets triggered.  All widgets were invalidated
[2020.03.17-17.16.17:577][556]LogAssetEditorSubsystem: Opening Asset editor for Skeleton /Game/AnimStarterPack/UE4_Mannequin/Mesh/UE4_Mannequin_Skeleton.UE4_Mannequin_Skeleton
[2020.03.17-17.16.17:583][556]LogActorComponent: RegisterComponentWithWorld: (/Engine/Transient.World_29:PersistentLevel.AnimationEditorPreviewActor_0.DebugSkelMeshComponent_0) Already registered. Aborting.
[2020.03.17-17.16.17:669][556]LogSkeletalMesh: USkeletalMeshComponent::InitArticulated : Bodies already created (/Engine/Transient.World_29:PersistentLevel.AnimationEditorPreviewActor_0.DebugSkelMeshComponent_0) - call TermArticulated first.
[2020.03.17-17.16.23:270][747]LogSlate: Window 'UE4_Mannequin_Skeleton' being destroyed
[2020.03.17-17.16.23:287][747]LogSlate: Window 'UE4_Mannequin_Skeleton' being destroyed
[2020.03.17-17.16.23:289][747]LogWorld: UWorld::CleanupWorld for World_23, bSessionEnded=true, bCleanupResources=true
[2020.03.17-17.16.23:289][747]LogSlate: InvalidateAllWidgets triggered.  All widgets were invalidated
[2020.03.17-17.16.23:354][747]LogWorld: UWorld::CleanupWorld for World_25, bSessionEnded=true, bCleanupResources=true
[2020.03.17-17.16.23:354][747]LogSlate: InvalidateAllWidgets triggered.  All widgets were invalidated
[2020.03.17-17.16.23:486][747]LogWorld: UWorld::CleanupWorld for World_24, bSessionEnded=true, bCleanupResources=true
[2020.03.17-17.16.23:486][747]LogSlate: InvalidateAllWidgets triggered.  All widgets were invalidated
[2020.03.17-17.16.23:510][747]LogWorld: UWorld::CleanupWorld for World_29, bSessionEnded=true, bCleanupResources=true
[2020.03.17-17.16.23:510][747]LogSlate: InvalidateAllWidgets triggered.  All widgets were invalidated
[2020.03.17-17.16.29:896][963]LogAssetEditorSubsystem: Opening Asset editor for BlendSpace1D /Game/Mannequin/Animations/ThirdPerson_IdleRun_2D.ThirdPerson_IdleRun_2D
[2020.03.17-17.16.29:906][963]LogActorComponent: RegisterComponentWithWorld: (/Engine/Transient.World_30:PersistentLevel.AnimationEditorPreviewActor_0.DebugSkelMeshComponent_0) Already registered. Aborting.
[2020.03.17-17.16.30:091][963]LogSkeletalMesh: USkeletalMeshComponent::InitArticulated : Bodies already created (/Engine/Transient.World_30:PersistentLevel.AnimationEditorPreviewActor_0.DebugSkelMeshComponent_0) - call TermArticulated first.
[2020.03.17-17.16.30:894][963]LogContentBrowser: Verbose: The majority of assets in the view are of type: AnimSequence
[2020.03.17-17.21.58:000][133]LogUObjectHash: Compacting FUObjectHashTables data took  48.64ms
[2020.03.17-17.21.59:889][133]LogSavePackage: Moving '../../../../../RepositoriDefinitiu/Projecte-Motors-de-Joc/Projecte Unreal/Saved/level1_Auto155CFDFAC41E4288203A08CABDDE2CA5F.tmp' to '../../../../../RepositoriDefinitiu/Projecte-Motors-de-Joc/Projecte Unreal/Saved/Autosaves/Game/ThirdPersonBP/Maps/level1_Auto1.umap'
[2020.03.17-17.21.59:896][133]LogFileHelpers: Editor autosave (incl. sublevels) for '/Game/ThirdPersonBP/Maps/level1' took 2.780
[2020.03.17-17.21.59:896][133]LogFileHelpers: Editor autosave (incl. sublevels) for all levels took 2.780
