Log file open, 03/17/20 16:21:20
LogWindows: Failed to load 'aqProf.dll' (GetLastError=126)
LogWindows: File 'aqProf.dll' does not exist
LogWindows: Failed to load 'VtuneApi.dll' (GetLastError=126)
LogWindows: File 'VtuneApi.dll' does not exist
LogWindows: Failed to load 'VtuneApi32e.dll' (GetLastError=126)
LogWindows: File 'VtuneApi32e.dll' does not exist
LogConsoleResponse: Display: Failed to find resolution value strings in scalability ini. Falling back to default.
LogInit: Display: Running engine for game: First3PersonProject1
LogPlatformFile: Not using cached read wrapper
LogTaskGraph: Started task graph with 5 named threads and 23 total threads with 3 sets of task threads.
LogStats: Stats thread started at 1.133184
LogD3D11RHI: Loaded GFSDK_Aftermath_Lib.x64.dll
LogICUInternationalization: ICU TimeZone Detection - Raw Offset: +1:00, Platform Override: ''
LogPluginManager: Mounting plugin Paper2D
LogPluginManager: Mounting plugin AISupport
LogPluginManager: Mounting plugin LightPropagationVolume
LogPluginManager: Mounting plugin ActorLayerUtilities
LogPluginManager: Mounting plugin AnimationSharing
LogPluginManager: Mounting plugin CLionSourceCodeAccess
LogPluginManager: Mounting plugin CodeLiteSourceCodeAccess
LogPluginManager: Mounting plugin GitSourceControl
LogPluginManager: Mounting plugin KDevelopSourceCodeAccess
LogPluginManager: Mounting plugin NullSourceCodeAccess
LogPluginManager: Mounting plugin PerforceSourceControl
LogPluginManager: Mounting plugin PlasticSourceControl
LogPluginManager: Mounting plugin SubversionSourceControl
LogPluginManager: Mounting plugin UObjectPlugin
LogPluginManager: Mounting plugin VisualStudioCodeSourceCodeAccess
LogPluginManager: Mounting plugin VisualStudioSourceCodeAccess
LogPluginManager: Mounting plugin XCodeSourceCodeAccess
LogPluginManager: Mounting plugin AssetManagerEditor
LogPluginManager: Mounting plugin CryptoKeys
LogPluginManager: Mounting plugin CurveEditorTools
LogPluginManager: Mounting plugin DataValidation
LogPluginManager: Mounting plugin FacialAnimation
LogPluginManager: Mounting plugin GameplayTagsEditor
LogPluginManager: Mounting plugin MacGraphicsSwitching
LogPluginManager: Mounting plugin MaterialAnalyzer
LogPluginManager: Mounting plugin MobileLauncherProfileWizard
LogPluginManager: Mounting plugin PluginBrowser
LogPluginManager: Mounting plugin SpeedTreeImporter
LogPluginManager: Mounting plugin DatasmithContent
LogPluginManager: Mounting plugin VariantManagerContent
LogPluginManager: Mounting plugin AlembicImporter
LogPluginManager: Mounting plugin AutomationUtils
LogPluginManager: Mounting plugin BackChannel
LogPluginManager: Mounting plugin CharacterAI
LogPluginManager: Mounting plugin GeometryCache
LogPluginManager: Mounting plugin PlatformCrypto
LogPluginManager: Mounting plugin ProxyLODPlugin
LogPluginManager: Mounting plugin SkeletalReduction
LogPluginManager: Mounting plugin MagicLeap
LogPluginManager: Mounting plugin MagicLeapMedia
LogPluginManager: Mounting plugin MLSDK
LogPluginManager: Mounting plugin AndroidMedia
LogPluginManager: Mounting plugin AvfMedia
LogPluginManager: Mounting plugin ImgMedia
LogPluginManager: Mounting plugin MediaCompositing
LogPluginManager: Mounting plugin MediaPlayerEditor
LogPluginManager: Mounting plugin WebMMedia
LogPluginManager: Mounting plugin WmfMedia
LogPluginManager: Mounting plugin TcpMessaging
LogPluginManager: Mounting plugin UdpMessaging
LogPluginManager: Mounting plugin ActorSequence
LogPluginManager: Mounting plugin LevelSequenceEditor
LogPluginManager: Mounting plugin MatineeToLevelSequence
LogPluginManager: Mounting plugin NetcodeUnitTest
LogPluginManager: Mounting plugin NUTUnrealEngine4
LogPluginManager: Mounting plugin OnlineSubsystemGooglePlay
LogPluginManager: Mounting plugin OnlineSubsystemIOS
LogPluginManager: Mounting plugin OnlineSubsystem
LogPluginManager: Mounting plugin OnlineSubsystemNull
LogPluginManager: Mounting plugin OnlineSubsystemUtils
LogPluginManager: Mounting plugin LauncherChunkInstaller
LogPluginManager: Mounting plugin AndroidDeviceProfileSelector
LogPluginManager: Mounting plugin AndroidMoviePlayer
LogPluginManager: Mounting plugin AndroidPermission
LogPluginManager: Mounting plugin AppleImageUtils
LogPluginManager: Mounting plugin AppleMoviePlayer
LogPluginManager: Mounting plugin ArchVisCharacter
LogPluginManager: Mounting plugin AssetTags
LogPluginManager: Mounting plugin AudioCapture
LogPluginManager: Mounting plugin CableComponent
LogPluginManager: Mounting plugin CustomMeshComponent
LogPluginManager: Mounting plugin EditableMesh
LogPluginManager: Mounting plugin ExampleDeviceProfileSelector
LogPluginManager: Mounting plugin GoogleCloudMessaging
LogPluginManager: Mounting plugin IOSDeviceProfileSelector
LogPluginManager: Mounting plugin LinuxDeviceProfileSelector
LogPluginManager: Mounting plugin LocationServicesBPLibrary
LogPluginManager: Mounting plugin MobilePatchingUtils
LogPluginManager: Mounting plugin OculusVR
LogPluginManager: Mounting plugin PhysXVehicles
LogPluginManager: Mounting plugin PostSplashScreen
LogPluginManager: Mounting plugin ProceduralMeshComponent
LogPluginManager: Mounting plugin RuntimePhysXCooking
LogPluginManager: Mounting plugin SignificanceManager
LogPluginManager: Mounting plugin SteamVR
LogPluginManager: Mounting plugin WebMMoviePlayer
LogPluginManager: Mounting plugin WindowsMoviePlayer
LogPluginManager: Mounting plugin ScreenshotTools
LogInit: Using libcurl 7.55.1-DEV
LogInit:  - built for x86_64-pc-win32
LogInit:  - supports SSL with OpenSSL/1.1.1
LogInit:  - supports HTTP deflate (compression) using libz 1.2.8
LogInit:  - other features:
LogInit:      CURL_VERSION_SSL
LogInit:      CURL_VERSION_LIBZ
LogInit:      CURL_VERSION_IPV6
LogInit:      CURL_VERSION_ASYNCHDNS
LogInit:      CURL_VERSION_LARGEFILE
LogInit:      CURL_VERSION_IDN
LogInit:  CurlRequestOptions (configurable via config and command line):
LogInit:  - bVerifyPeer = true  - Libcurl will verify peer certificate
LogInit:  - bUseHttpProxy = false  - Libcurl will NOT use HTTP proxy
LogInit:  - bDontReuseConnections = false  - Libcurl will reuse connections
LogInit:  - MaxHostConnections = 16  - Libcurl will limit the number of connections to a host
LogInit:  - LocalHostAddr = Default
LogInit:  - BufferSize = 65536
LogOnline: OSS: Creating online subsystem instance for: NULL
LogInit: WinSock: version 1.1 (2.2), MaxSocks=32767, MaxUdp=65467
LogOnline: OSS: TryLoadSubsystemAndSetDefault: Loaded subsystem for module [NULL]
LogInit: Build: ++UE4+Release-4.24-CL-10757647
LogInit: Engine Version: 4.24.1-10757647+++UE4+Release-4.24
LogInit: Compatible Engine Version: 4.24.0-10570792+++UE4+Release-4.24
LogInit: Net CL: 10570792
LogInit: OS: Windows 10 (Release 1903) (), CPU: Intel(R) Core(TM) i7-6700HQ CPU @ 2.60GHz, GPU: Intel(R) HD Graphics 530
LogInit: Compiled (64-bit): Dec 17 2019 02:08:03
LogInit: Compiled with Visual C++: 19.16.27032.01
LogInit: Build Configuration: Development
LogInit: Branch Name: ++UE4+Release-4.24
LogInit: Command Line: 
LogInit: Base Directory: D:/EpicGames/UE_4.24/Engine/Binaries/Win64/
LogInit: Installed Engine Build: 1
LogDevObjectVersion: Number of dev versions registered: 25
LogDevObjectVersion:   Dev-Blueprints (B0D832E4-1F89-4F0D-ACCF-7EB736FD4AA2): 10
LogDevObjectVersion:   Dev-Build (E1C64328-A22C-4D53-A36C-8E866417BD8C): 0
LogDevObjectVersion:   Dev-Core (375EC13C-06E4-48FB-B500-84F0262A717E): 3
LogDevObjectVersion:   Dev-Editor (E4B068ED-F494-42E9-A231-DA0B2E46BB41): 37
LogDevObjectVersion:   Dev-Framework (CFFC743F-43B0-4480-9391-14DF171D2073): 36
LogDevObjectVersion:   Dev-Mobile (B02B49B5-BB20-44E9-A304-32B752E40360): 2
LogDevObjectVersion:   Dev-Networking (A4E4105C-59A1-49B5-A7C5-40C4547EDFEE): 0
LogDevObjectVersion:   Dev-Online (39C831C9-5AE6-47DC-9A44-9C173E1C8E7C): 0
LogDevObjectVersion:   Dev-Physics (78F01B33-EBEA-4F98-B9B4-84EACCB95AA2): 2
LogDevObjectVersion:   Dev-Platform (6631380F-2D4D-43E0-8009-CF276956A95A): 0
LogDevObjectVersion:   Dev-Rendering (12F88B9F-8875-4AFC-A67C-D90C383ABD29): 36
LogDevObjectVersion:   Dev-Sequencer (7B5AE74C-D270-4C10-A958-57980B212A5A): 11
LogDevObjectVersion:   Dev-VR (D7296918-1DD6-4BDD-9DE2-64A83CC13884): 2
LogDevObjectVersion:   Dev-LoadTimes (C2A15278-BFE7-4AFE-6C17-90FF531DF755): 1
LogDevObjectVersion:   Private-Geometry (6EACA3D4-40EC-4CC1-B786-8BED09428FC5): 3
LogDevObjectVersion:   Dev-AnimPhys (29E575DD-E0A3-4627-9D10-D276232CDCEA): 17
LogDevObjectVersion:   Dev-Anim (AF43A65D-7FD3-4947-9873-3E8ED9C1BB05): 2
LogDevObjectVersion:   Dev-ReflectionCapture (6B266CEC-1EC7-4B8F-A30B-E4D90942FC07): 1
LogDevObjectVersion:   Dev-Automation (0DF73D61-A23F-47EA-B727-89E90C41499A): 1
LogDevObjectVersion:   FortniteMain (601D1886-AC64-4F84-AA16-D3DE0DEAC7D6): 31
LogDevObjectVersion:   Dev-Enterprise (9DFFBCD6-494F-0158-E221-12823C92A888): 8
LogDevObjectVersion:   Dev-Niagara (F2AED0AC-9AFE-416F-8664-AA7FFA26D6FC): 1
LogDevObjectVersion:   Dev-Destruction (174F1F0B-B4C6-45A5-B13F-2EE8D0FB917D): 9
LogDevObjectVersion:   Dev-Physics-Ext (35F94A83-E258-406C-A318-09F59610247C): 8
LogDevObjectVersion:   Dev-CineCamera (B2E18506-4273-CFC2-A54E-F4BB758BBA07): 1
LogInit: Presizing for max 25165824 objects, including 0 objects not considered by GC, pre-allocating 0 bytes for permanent pool.
LogInit: Object subsystem initialized
LogConfig: Setting CVar [[con.DebugEarlyDefault:1]]
LogConfig: Setting CVar [[r.setres:1280x720]]
[2020.03.17-15.21.21:249][  0]LogConfig: Setting CVar [[r.VSync:0]]
[2020.03.17-15.21.21:249][  0]LogConfig: Setting CVar [[r.RHICmdBypass:0]]
[2020.03.17-15.21.21:250][  0]LogConfig: Applying CVar settings from Section [/Script/Engine.RendererSettings] File [D:/RepositoriDefinitiu/Projecte-Motors-de-Joc/Projecte Unreal/Saved/Config/Windows/Engine.ini]
[2020.03.17-15.21.21:250][  0]LogConfig: Setting CVar [[r.GPUCrashDebugging:0]]
[2020.03.17-15.21.21:250][  0]LogConfig: Applying CVar settings from Section [/Script/Engine.RendererOverrideSettings] File [D:/RepositoriDefinitiu/Projecte-Motors-de-Joc/Projecte Unreal/Saved/Config/Windows/Engine.ini]
[2020.03.17-15.21.21:251][  0]LogConfig: Applying CVar settings from Section [/Script/Engine.StreamingSettings] File [D:/RepositoriDefinitiu/Projecte-Motors-de-Joc/Projecte Unreal/Saved/Config/Windows/Engine.ini]
[2020.03.17-15.21.21:251][  0]LogConfig: Setting CVar [[s.MinBulkDataSizeForAsyncLoading:131072]]
[2020.03.17-15.21.21:251][  0]LogConfig: Setting CVar [[s.AsyncLoadingThreadEnabled:0]]
[2020.03.17-15.21.21:251][  0]LogConfig: Setting CVar [[s.EventDrivenLoaderEnabled:1]]
[2020.03.17-15.21.21:251][  0]LogConfig: Setting CVar [[s.WarnIfTimeLimitExceeded:0]]
[2020.03.17-15.21.21:251][  0]LogConfig: Setting CVar [[s.TimeLimitExceededMultiplier:1.5]]
[2020.03.17-15.21.21:251][  0]LogConfig: Setting CVar [[s.TimeLimitExceededMinTime:0.005]]
[2020.03.17-15.21.21:251][  0]LogConfig: Setting CVar [[s.UseBackgroundLevelStreaming:1]]
[2020.03.17-15.21.21:251][  0]LogConfig: Setting CVar [[s.PriorityAsyncLoadingExtraTime:15.0]]
[2020.03.17-15.21.21:251][  0]LogConfig: Setting CVar [[s.LevelStreamingActorsUpdateTimeLimit:5.0]]
[2020.03.17-15.21.21:251][  0]LogConfig: Setting CVar [[s.PriorityLevelStreamingActorsUpdateExtraTime:5.0]]
[2020.03.17-15.21.21:251][  0]LogConfig: Setting CVar [[s.LevelStreamingComponentsRegistrationGranularity:10]]
[2020.03.17-15.21.21:251][  0]LogConfig: Setting CVar [[s.UnregisterComponentsTimeLimit:1.0]]
[2020.03.17-15.21.21:251][  0]LogConfig: Setting CVar [[s.LevelStreamingComponentsUnregistrationGranularity:5]]
[2020.03.17-15.21.21:251][  0]LogConfig: Setting CVar [[s.FlushStreamingOnExit:1]]
[2020.03.17-15.21.21:251][  0]LogConfig: Applying CVar settings from Section [/Script/Engine.GarbageCollectionSettings] File [D:/RepositoriDefinitiu/Projecte-Motors-de-Joc/Projecte Unreal/Saved/Config/Windows/Engine.ini]
[2020.03.17-15.21.21:251][  0]LogConfig: Setting CVar [[gc.MaxObjectsNotConsideredByGC:1]]
[2020.03.17-15.21.21:251][  0]LogConfig: Setting CVar [[gc.SizeOfPermanentObjectPool:0]]
[2020.03.17-15.21.21:251][  0]LogConfig: Setting CVar [[gc.FlushStreamingOnGC:0]]
[2020.03.17-15.21.21:251][  0]LogConfig: Setting CVar [[gc.NumRetriesBeforeForcingGC:10]]
[2020.03.17-15.21.21:251][  0]LogConfig: Setting CVar [[gc.AllowParallelGC:1]]
[2020.03.17-15.21.21:251][  0]LogConfig: Setting CVar [[gc.TimeBetweenPurgingPendingKillObjects:61.1]]
[2020.03.17-15.21.21:251][  0]LogConfig: Setting CVar [[gc.MaxObjectsInEditor:25165824]]
[2020.03.17-15.21.21:251][  0]LogConfig: Setting CVar [[gc.IncrementalBeginDestroyEnabled:1]]
[2020.03.17-15.21.21:251][  0]LogConfig: Setting CVar [[gc.CreateGCClusters:1]]
[2020.03.17-15.21.21:251][  0]LogConfig: Setting CVar [[gc.MinGCClusterSize:5]]
[2020.03.17-15.21.21:251][  0]LogConfig: Setting CVar [[gc.ActorClusteringEnabled:0]]
[2020.03.17-15.21.21:251][  0]LogConfig: Setting CVar [[gc.BlueprintClusteringEnabled:0]]
[2020.03.17-15.21.21:251][  0]LogConfig: Setting CVar [[gc.UseDisregardForGCOnDedicatedServers:0]]
[2020.03.17-15.21.21:251][  0]LogConfig: Applying CVar settings from Section [/Script/Engine.NetworkSettings] File [D:/RepositoriDefinitiu/Projecte-Motors-de-Joc/Projecte Unreal/Saved/Config/Windows/Engine.ini]
[2020.03.17-15.21.21:251][  0]LogConfig: Applying CVar settings from Section [/Script/UnrealEd.CookerSettings] File [D:/RepositoriDefinitiu/Projecte-Motors-de-Joc/Projecte Unreal/Saved/Config/Windows/Engine.ini]
[2020.03.17-15.21.21:260][  0]LogConfig: Applying CVar settings from Section [ViewDistanceQuality@3] File [D:/RepositoriDefinitiu/Projecte-Motors-de-Joc/Projecte Unreal/Saved/Config/Windows/Scalability.ini]
[2020.03.17-15.21.21:260][  0]LogConfig: Setting CVar [[r.SkeletalMeshLODBias:0]]
[2020.03.17-15.21.21:260][  0]LogConfig: Setting CVar [[r.ViewDistanceScale:1.0]]
[2020.03.17-15.21.21:260][  0]LogConfig: Applying CVar settings from Section [AntiAliasingQuality@3] File [D:/RepositoriDefinitiu/Projecte-Motors-de-Joc/Projecte Unreal/Saved/Config/Windows/Scalability.ini]
[2020.03.17-15.21.21:260][  0]LogConfig: Setting CVar [[r.PostProcessAAQuality:4]]
[2020.03.17-15.21.21:261][  0]LogConfig: Applying CVar settings from Section [ShadowQuality@3] File [D:/RepositoriDefinitiu/Projecte-Motors-de-Joc/Projecte Unreal/Saved/Config/Windows/Scalability.ini]
[2020.03.17-15.21.21:261][  0]LogConfig: Setting CVar [[r.LightFunctionQuality:1]]
[2020.03.17-15.21.21:261][  0]LogConfig: Setting CVar [[r.ShadowQuality:5]]
[2020.03.17-15.21.21:261][  0]LogConfig: Setting CVar [[r.Shadow.CSM.MaxCascades:10]]
[2020.03.17-15.21.21:261][  0]LogConfig: Setting CVar [[r.Shadow.MaxResolution:2048]]
[2020.03.17-15.21.21:261][  0]LogConfig: Setting CVar [[r.Shadow.MaxCSMResolution:2048]]
[2020.03.17-15.21.21:261][  0]LogConfig: Setting CVar [[r.Shadow.RadiusThreshold:0.01]]
[2020.03.17-15.21.21:261][  0]LogConfig: Setting CVar [[r.Shadow.DistanceScale:1.0]]
[2020.03.17-15.21.21:261][  0]LogConfig: Setting CVar [[r.Shadow.CSM.TransitionScale:1.0]]
[2020.03.17-15.21.21:261][  0]LogConfig: Setting CVar [[r.Shadow.PreShadowResolutionFactor:1.0]]
[2020.03.17-15.21.21:261][  0]LogConfig: Setting CVar [[r.DistanceFieldShadowing:1]]
[2020.03.17-15.21.21:261][  0]LogConfig: Setting CVar [[r.DistanceFieldAO:1]]
[2020.03.17-15.21.21:261][  0]LogConfig: Setting CVar [[r.AOQuality:2]]
[2020.03.17-15.21.21:261][  0]LogConfig: Setting CVar [[r.VolumetricFog:1]]
[2020.03.17-15.21.21:261][  0]LogConfig: Setting CVar [[r.VolumetricFog.GridPixelSize:8]]
[2020.03.17-15.21.21:261][  0]LogConfig: Setting CVar [[r.VolumetricFog.GridSizeZ:128]]
[2020.03.17-15.21.21:261][  0]LogConfig: Setting CVar [[r.VolumetricFog.HistoryMissSupersampleCount:4]]
[2020.03.17-15.21.21:261][  0]LogConfig: Setting CVar [[r.LightMaxDrawDistanceScale:1]]
[2020.03.17-15.21.21:261][  0]LogConfig: Setting CVar [[r.CapsuleShadows:1]]
[2020.03.17-15.21.21:261][  0]LogConfig: Applying CVar settings from Section [PostProcessQuality@3] File [D:/RepositoriDefinitiu/Projecte-Motors-de-Joc/Projecte Unreal/Saved/Config/Windows/Scalability.ini]
[2020.03.17-15.21.21:261][  0]LogConfig: Setting CVar [[r.MotionBlurQuality:4]]
[2020.03.17-15.21.21:261][  0]LogConfig: Setting CVar [[r.AmbientOcclusionMipLevelFactor:0.4]]
[2020.03.17-15.21.21:261][  0]LogConfig: Setting CVar [[r.AmbientOcclusionMaxQuality:100]]
[2020.03.17-15.21.21:261][  0]LogConfig: Setting CVar [[r.AmbientOcclusionLevels:-1]]
[2020.03.17-15.21.21:261][  0]LogConfig: Setting CVar [[r.AmbientOcclusionRadiusScale:1.0]]
[2020.03.17-15.21.21:261][  0]LogConfig: Setting CVar [[r.DepthOfFieldQuality:2]]
[2020.03.17-15.21.21:261][  0]LogConfig: Setting CVar [[r.RenderTargetPoolMin:400]]
[2020.03.17-15.21.21:261][  0]LogConfig: Setting CVar [[r.LensFlareQuality:2]]
[2020.03.17-15.21.21:261][  0]LogConfig: Setting CVar [[r.SceneColorFringeQuality:1]]
[2020.03.17-15.21.21:261][  0]LogConfig: Setting CVar [[r.EyeAdaptationQuality:2]]
[2020.03.17-15.21.21:261][  0]LogConfig: Setting CVar [[r.BloomQuality:5]]
[2020.03.17-15.21.21:261][  0]LogConfig: Setting CVar [[r.FastBlurThreshold:100]]
[2020.03.17-15.21.21:261][  0]LogConfig: Setting CVar [[r.Upscale.Quality:3]]
[2020.03.17-15.21.21:261][  0]LogConfig: Setting CVar [[r.Tonemapper.GrainQuantization:1]]
[2020.03.17-15.21.21:261][  0]LogConfig: Setting CVar [[r.LightShaftQuality:1]]
[2020.03.17-15.21.21:261][  0]LogConfig: Setting CVar [[r.Filter.SizeScale:1]]
[2020.03.17-15.21.21:261][  0]LogConfig: Setting CVar [[r.Tonemapper.Quality:5]]
[2020.03.17-15.21.21:261][  0]LogConfig: Setting CVar [[r.DOF.Gather.AccumulatorQuality:1        ; higher gathering accumulator quality]]
[2020.03.17-15.21.21:261][  0]LogConfig: Setting CVar [[r.DOF.Gather.PostfilterMethod:1          ; Median3x3 postfilering method]]
[2020.03.17-15.21.21:261][  0]LogConfig: Setting CVar [[r.DOF.Gather.EnableBokehSettings:0       ; no bokeh simulation when gathering]]
[2020.03.17-15.21.21:261][  0]LogConfig: Setting CVar [[r.DOF.Gather.RingCount:4                 ; medium number of samples when gathering]]
[2020.03.17-15.21.21:261][  0]LogConfig: Setting CVar [[r.DOF.Scatter.ForegroundCompositing:1    ; additive foreground scattering]]
[2020.03.17-15.21.21:261][  0]LogConfig: Setting CVar [[r.DOF.Scatter.BackgroundCompositing:2    ; additive background scattering]]
[2020.03.17-15.21.21:261][  0]LogConfig: Setting CVar [[r.DOF.Scatter.EnableBokehSettings:1      ; bokeh simulation when scattering]]
[2020.03.17-15.21.21:261][  0]LogConfig: Setting CVar [[r.DOF.Scatter.MaxSpriteRatio:0.1         ; only a maximum of 10% of scattered bokeh]]
[2020.03.17-15.21.21:261][  0]LogConfig: Setting CVar [[r.DOF.Recombine.Quality:1                ; cheap slight out of focus]]
[2020.03.17-15.21.21:261][  0]LogConfig: Setting CVar [[r.DOF.Recombine.EnableBokehSettings:0    ; no bokeh simulation on slight out of focus]]
[2020.03.17-15.21.21:261][  0]LogConfig: Setting CVar [[r.DOF.TemporalAAQuality:1                ; more stable temporal accumulation]]
[2020.03.17-15.21.21:261][  0]LogConfig: Setting CVar [[r.DOF.Kernel.MaxForegroundRadius:0.025]]
[2020.03.17-15.21.21:261][  0]LogConfig: Setting CVar [[r.DOF.Kernel.MaxBackgroundRadius:0.025]]
[2020.03.17-15.21.21:261][  0]LogConfig: Applying CVar settings from Section [TextureQuality@3] File [D:/RepositoriDefinitiu/Projecte-Motors-de-Joc/Projecte Unreal/Saved/Config/Windows/Scalability.ini]
[2020.03.17-15.21.21:261][  0]LogConfig: Setting CVar [[r.Streaming.MipBias:0]]
[2020.03.17-15.21.21:261][  0]LogConfig: Setting CVar [[r.Streaming.AmortizeCPUToGPUCopy:0]]
[2020.03.17-15.21.21:261][  0]LogConfig: Setting CVar [[r.Streaming.MaxNumTexturesToStreamPerFrame:0]]
[2020.03.17-15.21.21:261][  0]LogConfig: Setting CVar [[r.Streaming.Boost:1]]
[2020.03.17-15.21.21:261][  0]LogConfig: Setting CVar [[r.MaxAnisotropy:8]]
[2020.03.17-15.21.21:261][  0]LogConfig: Setting CVar [[r.VT.MaxAnisotropy:8]]
[2020.03.17-15.21.21:261][  0]LogConfig: Setting CVar [[r.Streaming.LimitPoolSizeToVRAM:0]]
[2020.03.17-15.21.21:262][  0]LogConfig: Setting CVar [[r.Streaming.PoolSize:1000]]
[2020.03.17-15.21.21:262][  0]LogConfig: Setting CVar [[r.Streaming.MaxEffectiveScreenSize:0]]
[2020.03.17-15.21.21:262][  0]LogConfig: Applying CVar settings from Section [EffectsQuality@3] File [D:/RepositoriDefinitiu/Projecte-Motors-de-Joc/Projecte Unreal/Saved/Config/Windows/Scalability.ini]
[2020.03.17-15.21.21:262][  0]LogConfig: Setting CVar [[r.TranslucencyLightingVolumeDim:64]]
[2020.03.17-15.21.21:262][  0]LogConfig: Setting CVar [[r.RefractionQuality:2]]
[2020.03.17-15.21.21:262][  0]LogConfig: Setting CVar [[r.SSR.Quality:3]]
[2020.03.17-15.21.21:262][  0]LogConfig: Setting CVar [[r.SSR.HalfResSceneColor:0]]
[2020.03.17-15.21.21:262][  0]LogConfig: Setting CVar [[r.SceneColorFormat:4]]
[2020.03.17-15.21.21:262][  0]LogConfig: Setting CVar [[r.DetailMode:2]]
[2020.03.17-15.21.21:262][  0]LogConfig: Setting CVar [[r.TranslucencyVolumeBlur:1]]
[2020.03.17-15.21.21:262][  0]LogConfig: Setting CVar [[r.MaterialQualityLevel:1 ; High quality]]
[2020.03.17-15.21.21:262][  0]LogConfig: Setting CVar [[r.SSS.Scale:1]]
[2020.03.17-15.21.21:262][  0]LogConfig: Setting CVar [[r.SSS.SampleSet:2]]
[2020.03.17-15.21.21:262][  0]LogConfig: Setting CVar [[r.SSS.Quality:1]]
[2020.03.17-15.21.21:262][  0]LogConfig: Setting CVar [[r.SSS.HalfRes:1]]
[2020.03.17-15.21.21:262][  0]LogConfig: Setting CVar [[r.SSGI.Quality:3]]
[2020.03.17-15.21.21:262][  0]LogConfig: Setting CVar [[r.EmitterSpawnRateScale:1.0]]
[2020.03.17-15.21.21:262][  0]LogConfig: Setting CVar [[r.ParticleLightQuality:2]]
[2020.03.17-15.21.21:262][  0]LogConfig: Setting CVar [[r.SkyAtmosphere.AerialPerspectiveLUT.FastApplyOnOpaque:1 ; Always have FastSkyLUT 1 in this case to avoid wrong sky]]
[2020.03.17-15.21.21:262][  0]LogConfig: Setting CVar [[r.SkyAtmosphere.AerialPerspectiveLUT.SampleCountPerSlice:1]]
[2020.03.17-15.21.21:262][  0]LogConfig: Setting CVar [[r.SkyAtmosphere.AerialPerspectiveLUT.DepthResolution:16.0]]
[2020.03.17-15.21.21:262][  0]LogConfig: Setting CVar [[r.SkyAtmosphere.FastSkyLUT:1]]
[2020.03.17-15.21.21:262][  0]LogConfig: Setting CVar [[r.SkyAtmosphere.FastSkyLUT.SampleCountMin:4.0]]
[2020.03.17-15.21.21:262][  0]LogConfig: Setting CVar [[r.SkyAtmosphere.FastSkyLUT.SampleCountMax:32.0]]
[2020.03.17-15.21.21:262][  0]LogConfig: Setting CVar [[r.SkyAtmosphere.SampleCountMin:4.0]]
[2020.03.17-15.21.21:262][  0]LogConfig: Setting CVar [[r.SkyAtmosphere.SampleCountMax:32.0]]
[2020.03.17-15.21.21:262][  0]LogConfig: Setting CVar [[r.SkyAtmosphere.TransmittanceLUT.UseSmallFormat:0]]
[2020.03.17-15.21.21:262][  0]LogConfig: Setting CVar [[r.SkyAtmosphere.TransmittanceLUT.SampleCount:10.0]]
[2020.03.17-15.21.21:262][  0]LogConfig: Setting CVar [[r.SkyAtmosphere.MultiScatteringLUT.SampleCount:15.0]]
[2020.03.17-15.21.21:262][  0]LogConfig: Applying CVar settings from Section [FoliageQuality@3] File [D:/RepositoriDefinitiu/Projecte-Motors-de-Joc/Projecte Unreal/Saved/Config/Windows/Scalability.ini]
[2020.03.17-15.21.21:262][  0]LogConfig: Setting CVar [[foliage.DensityScale:1.0]]
[2020.03.17-15.21.21:262][  0]LogConfig: Setting CVar [[grass.DensityScale:1.0]]
[2020.03.17-15.21.21:262][  0]LogConfig: Applying CVar settings from Section [ShadingQuality@3] File [D:/RepositoriDefinitiu/Projecte-Motors-de-Joc/Projecte Unreal/Saved/Config/Windows/Scalability.ini]
[2020.03.17-15.21.21:262][  0]LogConfig: Setting CVar [[r.HairStrands.SkyLighting.SampleCount:16]]
[2020.03.17-15.21.21:262][  0]LogConfig: Setting CVar [[r.HairStrands.SkyLighting.JitterIntegration:0]]
[2020.03.17-15.21.21:262][  0]LogConfig: Setting CVar [[r.HairStrands.SkyAO.SampleCount:16]]
[2020.03.17-15.21.21:263][  0]LogInit: Selected Device Profile: [Windows]
[2020.03.17-15.21.21:263][  0]LogInit: Applying CVar settings loaded from the selected device profile: [Windows]
[2020.03.17-15.21.21:270][  0]LogHAL: Display: Platform has ~ 24 GB [25573195776 / 34359738368 / 24], which maps to Larger [LargestMinGB=32, LargerMinGB=12, DefaultMinGB=8, SmallerMinGB=6, SmallestMinGB=0)
[2020.03.17-15.21.21:270][  0]LogInit: Going up to parent DeviceProfile []
[2020.03.17-15.21.21:270][  0]LogConfig: Applying CVar settings from Section [ViewDistanceQuality@3] File [D:/RepositoriDefinitiu/Projecte-Motors-de-Joc/Projecte Unreal/Saved/Config/Windows/Scalability.ini]
[2020.03.17-15.21.21:270][  0]LogConfig: Setting CVar [[r.SkeletalMeshLODBias:0]]
[2020.03.17-15.21.21:270][  0]LogConfig: Setting CVar [[r.ViewDistanceScale:1.0]]
[2020.03.17-15.21.21:270][  0]LogConfig: Applying CVar settings from Section [AntiAliasingQuality@3] File [D:/RepositoriDefinitiu/Projecte-Motors-de-Joc/Projecte Unreal/Saved/Config/Windows/Scalability.ini]
[2020.03.17-15.21.21:270][  0]LogConfig: Setting CVar [[r.PostProcessAAQuality:4]]
[2020.03.17-15.21.21:270][  0]LogConfig: Applying CVar settings from Section [ShadowQuality@3] File [D:/RepositoriDefinitiu/Projecte-Motors-de-Joc/Projecte Unreal/Saved/Config/Windows/Scalability.ini]
[2020.03.17-15.21.21:270][  0]LogConfig: Setting CVar [[r.LightFunctionQuality:1]]
[2020.03.17-15.21.21:270][  0]LogConfig: Setting CVar [[r.ShadowQuality:5]]
[2020.03.17-15.21.21:270][  0]LogConfig: Setting CVar [[r.Shadow.CSM.MaxCascades:10]]
[2020.03.17-15.21.21:270][  0]LogConfig: Setting CVar [[r.Shadow.MaxResolution:2048]]
[2020.03.17-15.21.21:270][  0]LogConfig: Setting CVar [[r.Shadow.MaxCSMResolution:2048]]
[2020.03.17-15.21.21:270][  0]LogConfig: Setting CVar [[r.Shadow.RadiusThreshold:0.01]]
[2020.03.17-15.21.21:270][  0]LogConfig: Setting CVar [[r.Shadow.DistanceScale:1.0]]
[2020.03.17-15.21.21:270][  0]LogConfig: Setting CVar [[r.Shadow.CSM.TransitionScale:1.0]]
[2020.03.17-15.21.21:270][  0]LogConfig: Setting CVar [[r.Shadow.PreShadowResolutionFactor:1.0]]
[2020.03.17-15.21.21:270][  0]LogConfig: Setting CVar [[r.DistanceFieldShadowing:1]]
[2020.03.17-15.21.21:270][  0]LogConfig: Setting CVar [[r.DistanceFieldAO:1]]
[2020.03.17-15.21.21:270][  0]LogConfig: Setting CVar [[r.AOQuality:2]]
[2020.03.17-15.21.21:270][  0]LogConfig: Setting CVar [[r.VolumetricFog:1]]
[2020.03.17-15.21.21:270][  0]LogConfig: Setting CVar [[r.VolumetricFog.GridPixelSize:8]]
[2020.03.17-15.21.21:270][  0]LogConfig: Setting CVar [[r.VolumetricFog.GridSizeZ:128]]
[2020.03.17-15.21.21:270][  0]LogConfig: Setting CVar [[r.VolumetricFog.HistoryMissSupersampleCount:4]]
[2020.03.17-15.21.21:270][  0]LogConfig: Setting CVar [[r.LightMaxDrawDistanceScale:1]]
[2020.03.17-15.21.21:270][  0]LogConfig: Setting CVar [[r.CapsuleShadows:1]]
[2020.03.17-15.21.21:270][  0]LogConfig: Applying CVar settings from Section [PostProcessQuality@3] File [D:/RepositoriDefinitiu/Projecte-Motors-de-Joc/Projecte Unreal/Saved/Config/Windows/Scalability.ini]
[2020.03.17-15.21.21:270][  0]LogConfig: Setting CVar [[r.MotionBlurQuality:4]]
[2020.03.17-15.21.21:270][  0]LogConfig: Setting CVar [[r.AmbientOcclusionMipLevelFactor:0.4]]
[2020.03.17-15.21.21:270][  0]LogConfig: Setting CVar [[r.AmbientOcclusionMaxQuality:100]]
[2020.03.17-15.21.21:270][  0]LogConfig: Setting CVar [[r.AmbientOcclusionLevels:-1]]
[2020.03.17-15.21.21:270][  0]LogConfig: Setting CVar [[r.AmbientOcclusionRadiusScale:1.0]]
[2020.03.17-15.21.21:270][  0]LogConfig: Setting CVar [[r.DepthOfFieldQuality:2]]
[2020.03.17-15.21.21:270][  0]LogConfig: Setting CVar [[r.RenderTargetPoolMin:400]]
[2020.03.17-15.21.21:270][  0]LogConfig: Setting CVar [[r.LensFlareQuality:2]]
[2020.03.17-15.21.21:270][  0]LogConfig: Setting CVar [[r.SceneColorFringeQuality:1]]
[2020.03.17-15.21.21:270][  0]LogConfig: Setting CVar [[r.EyeAdaptationQuality:2]]
[2020.03.17-15.21.21:270][  0]LogConfig: Setting CVar [[r.BloomQuality:5]]
[2020.03.17-15.21.21:270][  0]LogConfig: Setting CVar [[r.FastBlurThreshold:100]]
[2020.03.17-15.21.21:270][  0]LogConfig: Setting CVar [[r.Upscale.Quality:3]]
[2020.03.17-15.21.21:270][  0]LogConfig: Setting CVar [[r.Tonemapper.GrainQuantization:1]]
[2020.03.17-15.21.21:270][  0]LogConfig: Setting CVar [[r.LightShaftQuality:1]]
[2020.03.17-15.21.21:270][  0]LogConfig: Setting CVar [[r.Filter.SizeScale:1]]
[2020.03.17-15.21.21:270][  0]LogConfig: Setting CVar [[r.Tonemapper.Quality:5]]
[2020.03.17-15.21.21:270][  0]LogConfig: Setting CVar [[r.DOF.Gather.AccumulatorQuality:1        ; higher gathering accumulator quality]]
[2020.03.17-15.21.21:270][  0]LogConfig: Setting CVar [[r.DOF.Gather.PostfilterMethod:1          ; Median3x3 postfilering method]]
[2020.03.17-15.21.21:271][  0]LogConfig: Setting CVar [[r.DOF.Gather.EnableBokehSettings:0       ; no bokeh simulation when gathering]]
[2020.03.17-15.21.21:271][  0]LogConfig: Setting CVar [[r.DOF.Gather.RingCount:4                 ; medium number of samples when gathering]]
[2020.03.17-15.21.21:271][  0]LogConfig: Setting CVar [[r.DOF.Scatter.ForegroundCompositing:1    ; additive foreground scattering]]
[2020.03.17-15.21.21:271][  0]LogConfig: Setting CVar [[r.DOF.Scatter.BackgroundCompositing:2    ; additive background scattering]]
[2020.03.17-15.21.21:271][  0]LogConfig: Setting CVar [[r.DOF.Scatter.EnableBokehSettings:1      ; bokeh simulation when scattering]]
[2020.03.17-15.21.21:271][  0]LogConfig: Setting CVar [[r.DOF.Scatter.MaxSpriteRatio:0.1         ; only a maximum of 10% of scattered bokeh]]
[2020.03.17-15.21.21:271][  0]LogConfig: Setting CVar [[r.DOF.Recombine.Quality:1                ; cheap slight out of focus]]
[2020.03.17-15.21.21:271][  0]LogConfig: Setting CVar [[r.DOF.Recombine.EnableBokehSettings:0    ; no bokeh simulation on slight out of focus]]
[2020.03.17-15.21.21:271][  0]LogConfig: Setting CVar [[r.DOF.TemporalAAQuality:1                ; more stable temporal accumulation]]
[2020.03.17-15.21.21:271][  0]LogConfig: Setting CVar [[r.DOF.Kernel.MaxForegroundRadius:0.025]]
[2020.03.17-15.21.21:271][  0]LogConfig: Setting CVar [[r.DOF.Kernel.MaxBackgroundRadius:0.025]]
[2020.03.17-15.21.21:271][  0]LogConfig: Applying CVar settings from Section [TextureQuality@3] File [D:/RepositoriDefinitiu/Projecte-Motors-de-Joc/Projecte Unreal/Saved/Config/Windows/Scalability.ini]
[2020.03.17-15.21.21:271][  0]LogConfig: Setting CVar [[r.Streaming.MipBias:0]]
[2020.03.17-15.21.21:271][  0]LogConfig: Setting CVar [[r.Streaming.AmortizeCPUToGPUCopy:0]]
[2020.03.17-15.21.21:271][  0]LogConfig: Setting CVar [[r.Streaming.MaxNumTexturesToStreamPerFrame:0]]
[2020.03.17-15.21.21:271][  0]LogConfig: Setting CVar [[r.Streaming.Boost:1]]
[2020.03.17-15.21.21:271][  0]LogConfig: Setting CVar [[r.MaxAnisotropy:8]]
[2020.03.17-15.21.21:271][  0]LogConfig: Setting CVar [[r.VT.MaxAnisotropy:8]]
[2020.03.17-15.21.21:271][  0]LogConfig: Setting CVar [[r.Streaming.LimitPoolSizeToVRAM:0]]
[2020.03.17-15.21.21:271][  0]LogConfig: Setting CVar [[r.Streaming.PoolSize:1000]]
[2020.03.17-15.21.21:271][  0]LogConfig: Setting CVar [[r.Streaming.MaxEffectiveScreenSize:0]]
[2020.03.17-15.21.21:271][  0]LogConfig: Applying CVar settings from Section [EffectsQuality@3] File [D:/RepositoriDefinitiu/Projecte-Motors-de-Joc/Projecte Unreal/Saved/Config/Windows/Scalability.ini]
[2020.03.17-15.21.21:271][  0]LogConfig: Setting CVar [[r.TranslucencyLightingVolumeDim:64]]
[2020.03.17-15.21.21:271][  0]LogConfig: Setting CVar [[r.RefractionQuality:2]]
[2020.03.17-15.21.21:271][  0]LogConfig: Setting CVar [[r.SSR.Quality:3]]
[2020.03.17-15.21.21:271][  0]LogConfig: Setting CVar [[r.SSR.HalfResSceneColor:0]]
[2020.03.17-15.21.21:271][  0]LogConfig: Setting CVar [[r.SceneColorFormat:4]]
[2020.03.17-15.21.21:271][  0]LogConfig: Setting CVar [[r.DetailMode:2]]
[2020.03.17-15.21.21:271][  0]LogConfig: Setting CVar [[r.TranslucencyVolumeBlur:1]]
[2020.03.17-15.21.21:271][  0]LogConfig: Setting CVar [[r.MaterialQualityLevel:1 ; High quality]]
[2020.03.17-15.21.21:271][  0]LogConfig: Setting CVar [[r.SSS.Scale:1]]
[2020.03.17-15.21.21:271][  0]LogConfig: Setting CVar [[r.SSS.SampleSet:2]]
[2020.03.17-15.21.21:271][  0]LogConfig: Setting CVar [[r.SSS.Quality:1]]
[2020.03.17-15.21.21:271][  0]LogConfig: Setting CVar [[r.SSS.HalfRes:1]]
[2020.03.17-15.21.21:271][  0]LogConfig: Setting CVar [[r.SSGI.Quality:3]]
[2020.03.17-15.21.21:271][  0]LogConfig: Setting CVar [[r.EmitterSpawnRateScale:1.0]]
[2020.03.17-15.21.21:271][  0]LogConfig: Setting CVar [[r.ParticleLightQuality:2]]
[2020.03.17-15.21.21:271][  0]LogConfig: Setting CVar [[r.SkyAtmosphere.AerialPerspectiveLUT.FastApplyOnOpaque:1 ; Always have FastSkyLUT 1 in this case to avoid wrong sky]]
[2020.03.17-15.21.21:271][  0]LogConfig: Setting CVar [[r.SkyAtmosphere.AerialPerspectiveLUT.SampleCountPerSlice:1]]
[2020.03.17-15.21.21:271][  0]LogConfig: Setting CVar [[r.SkyAtmosphere.AerialPerspectiveLUT.DepthResolution:16.0]]
[2020.03.17-15.21.21:271][  0]LogConfig: Setting CVar [[r.SkyAtmosphere.FastSkyLUT:1]]
[2020.03.17-15.21.21:271][  0]LogConfig: Setting CVar [[r.SkyAtmosphere.FastSkyLUT.SampleCountMin:4.0]]
[2020.03.17-15.21.21:271][  0]LogConfig: Setting CVar [[r.SkyAtmosphere.FastSkyLUT.SampleCountMax:32.0]]
[2020.03.17-15.21.21:271][  0]LogConfig: Setting CVar [[r.SkyAtmosphere.SampleCountMin:4.0]]
[2020.03.17-15.21.21:271][  0]LogConfig: Setting CVar [[r.SkyAtmosphere.SampleCountMax:32.0]]
[2020.03.17-15.21.21:271][  0]LogConfig: Setting CVar [[r.SkyAtmosphere.TransmittanceLUT.UseSmallFormat:0]]
[2020.03.17-15.21.21:271][  0]LogConfig: Setting CVar [[r.SkyAtmosphere.TransmittanceLUT.SampleCount:10.0]]
[2020.03.17-15.21.21:271][  0]LogConfig: Setting CVar [[r.SkyAtmosphere.MultiScatteringLUT.SampleCount:15.0]]
[2020.03.17-15.21.21:271][  0]LogConfig: Applying CVar settings from Section [FoliageQuality@3] File [D:/RepositoriDefinitiu/Projecte-Motors-de-Joc/Projecte Unreal/Saved/Config/Windows/Scalability.ini]
[2020.03.17-15.21.21:271][  0]LogConfig: Setting CVar [[foliage.DensityScale:1.0]]
[2020.03.17-15.21.21:271][  0]LogConfig: Setting CVar [[grass.DensityScale:1.0]]
[2020.03.17-15.21.21:271][  0]LogConfig: Applying CVar settings from Section [ShadingQuality@3] File [D:/RepositoriDefinitiu/Projecte-Motors-de-Joc/Projecte Unreal/Saved/Config/Windows/Scalability.ini]
[2020.03.17-15.21.21:271][  0]LogConfig: Setting CVar [[r.HairStrands.SkyLighting.SampleCount:16]]
[2020.03.17-15.21.21:271][  0]LogConfig: Setting CVar [[r.HairStrands.SkyLighting.JitterIntegration:0]]
[2020.03.17-15.21.21:271][  0]LogConfig: Setting CVar [[r.HairStrands.SkyAO.SampleCount:16]]
[2020.03.17-15.21.21:271][  0]LogConfig: Applying CVar settings from Section [Startup] File [../../../Engine/Config/ConsoleVariables.ini]
[2020.03.17-15.21.21:272][  0]LogConfig: Setting CVar [[net.UseAdaptiveNetUpdateFrequency:0]]
[2020.03.17-15.21.21:272][  0]LogConfig: Setting CVar [[p.chaos.AllowCreatePhysxBodies:1]]
[2020.03.17-15.21.21:272][  0]LogConfig: Applying CVar settings from Section [ConsoleVariables] File [D:/RepositoriDefinitiu/Projecte-Motors-de-Joc/Projecte Unreal/Saved/Config/Windows/Engine.ini]
[2020.03.17-15.21.21:275][  0]LogInit: Computer: DESKTOP-6HCS4VP
[2020.03.17-15.21.21:275][  0]LogInit: User: usuario
[2020.03.17-15.21.21:275][  0]LogInit: CPU Page size=4096, Cores=4
[2020.03.17-15.21.21:275][  0]LogInit: High frequency timer resolution =10.000000 MHz
[2020.03.17-15.21.21:275][  0]LogMemory: Memory total: Physical=23.8GB (24GB approx)
[2020.03.17-15.21.21:275][  0]LogMemory: Platform Memory Stats for Windows
[2020.03.17-15.21.21:275][  0]LogMemory: Process Physical Memory: 105.47 MB used, 105.48 MB peak
[2020.03.17-15.21.21:275][  0]LogMemory: Process Virtual Memory: 100.53 MB used, 100.53 MB peak
[2020.03.17-15.21.21:275][  0]LogMemory: Physical Memory: 13414.21 MB used,  10974.29 MB free, 24388.50 MB total
[2020.03.17-15.21.21:275][  0]LogMemory: Virtual Memory: 5103.33 MB used,  134212624.00 MB free, 134217728.00 MB total
[2020.03.17-15.21.21:286][  0]LogWindows: WindowsPlatformFeatures enabled
[2020.03.17-15.21.21:571][  0]LogInit: Overriding language with editor language configuration option (en).
[2020.03.17-15.21.21:571][  0]LogInit: Overriding locale with editor locale configuration option (en).
[2020.03.17-15.21.21:923][  0]LogInit: Setting process to per monitor DPI aware
[2020.03.17-15.21.22:002][  0]LogSlate: New Slate User Created.  User Index 0, Is Virtual User: 0
[2020.03.17-15.21.22:002][  0]LogSlate: Slate User Registered.  User Index 0, Is Virtual User: 0
[2020.03.17-15.21.22:629][  0]LogHMD: Failed to initialize OpenVR with code 110
[2020.03.17-15.21.22:629][  0]LogD3D11RHI: D3D11 min allowed feature level: 11_0
[2020.03.17-15.21.22:629][  0]LogD3D11RHI: D3D11 max allowed feature level: 11_0
[2020.03.17-15.21.22:629][  0]LogD3D11RHI: D3D11 adapters:
[2020.03.17-15.21.22:702][  0]LogD3D11RHI:    0. 'NVIDIA GeForce GTX 960M' (Feature Level 11_0)
[2020.03.17-15.21.22:702][  0]LogD3D11RHI:       2017/0/12194 MB DedicatedVideo/DedicatedSystem/SharedSystem, Outputs:1, VendorId:0x10de
[2020.03.17-15.21.22:719][  0]LogD3D11RHI:    1. 'Intel(R) HD Graphics 530' (Feature Level 11_0)
[2020.03.17-15.21.22:719][  0]LogD3D11RHI:       128/0/12194 MB DedicatedVideo/DedicatedSystem/SharedSystem, Outputs:0, VendorId:0x8086
[2020.03.17-15.21.22:721][  0]LogD3D11RHI:    2. 'Microsoft Basic Render Driver' (Feature Level 11_0)
[2020.03.17-15.21.22:722][  0]LogD3D11RHI:       0/0/12194 MB DedicatedVideo/DedicatedSystem/SharedSystem, Outputs:0, VendorId:0x1414
[2020.03.17-15.21.22:722][  0]LogD3D11RHI: Chosen D3D11 Adapter: 0
[2020.03.17-15.21.22:804][  0]LogD3D11RHI: Creating new Direct3DDevice
[2020.03.17-15.21.22:805][  0]LogD3D11RHI:     GPU DeviceId: 0x139b (for the marketing name, search the web for "GPU Device Id")
[2020.03.17-15.21.22:805][  0]LogWindows: EnumDisplayDevices:
[2020.03.17-15.21.22:805][  0]LogWindows:    0. 'Intel(R) HD Graphics 530' (P:1 D:1)
[2020.03.17-15.21.22:806][  0]LogWindows:    1. 'Intel(R) HD Graphics 530' (P:0 D:0)
[2020.03.17-15.21.22:807][  0]LogWindows:    2. 'Intel(R) HD Graphics 530' (P:0 D:0)
[2020.03.17-15.21.22:807][  0]LogWindows:    3. 'NVIDIA GeForce GTX 960M' (P:0 D:0)
[2020.03.17-15.21.22:808][  0]LogWindows:    4. 'NVIDIA GeForce GTX 960M' (P:0 D:0)
[2020.03.17-15.21.22:809][  0]LogWindows:    5. 'NVIDIA GeForce GTX 960M' (P:0 D:0)
[2020.03.17-15.21.22:809][  0]LogWindows:    6. 'NVIDIA GeForce GTX 960M' (P:0 D:0)
[2020.03.17-15.21.22:809][  0]LogWindows: DebugString: PrimaryIsNotTheChoosenAdapter PrimaryIsNotTheChoosenAdapter PrimaryIsNotTheChoosenAdapter FoundDriverCount:4 
[2020.03.17-15.21.22:809][  0]LogD3D11RHI:     Adapter Name: NVIDIA GeForce GTX 960M
[2020.03.17-15.21.22:809][  0]LogD3D11RHI:   Driver Version: 382.05 (internal:22.21.13.8205, unified:382.05)
[2020.03.17-15.21.22:809][  0]LogD3D11RHI:      Driver Date: 5-1-2017
[2020.03.17-15.21.22:809][  0]LogRHI: Texture pool is 1412 MB (70% of 2017 MB)
[2020.03.17-15.21.22:849][  0]LogD3D11RHI: RHI does not have support for 64 bit atomics
[2020.03.17-15.21.22:852][  0]LogD3D11RHI: Async texture creation enabled
[2020.03.17-15.21.22:884][  0]LogD3D11RHI: GPU Timing Frequency: 1000.000000 (Debug: 2 1)
[2020.03.17-15.21.23:484][  0]LogTargetPlatformManager: Display: Loaded TargetPlatform 'AllDesktop'
[2020.03.17-15.21.23:524][  0]LogTargetPlatformManager: Display: Loaded TargetPlatform 'Android'
[2020.03.17-15.21.23:524][  0]LogTargetPlatformManager: Display: Loaded TargetPlatform 'Android_ASTC'
[2020.03.17-15.21.23:524][  0]LogTargetPlatformManager: Display: Loaded TargetPlatform 'Android_ATC'
[2020.03.17-15.21.23:524][  0]LogTargetPlatformManager: Display: Loaded TargetPlatform 'Android_DXT'
[2020.03.17-15.21.23:524][  0]LogTargetPlatformManager: Display: Loaded TargetPlatform 'Android_ETC1'
[2020.03.17-15.21.23:524][  0]LogTargetPlatformManager: Display: Loaded TargetPlatform 'Android_ETC1a'
[2020.03.17-15.21.23:524][  0]LogTargetPlatformManager: Display: Loaded TargetPlatform 'Android_ETC2'
[2020.03.17-15.21.23:524][  0]LogTargetPlatformManager: Display: Loaded TargetPlatform 'Android_PVRTC'
[2020.03.17-15.21.23:524][  0]LogTargetPlatformManager: Display: Loaded TargetPlatform 'AndroidClient'
[2020.03.17-15.21.23:524][  0]LogTargetPlatformManager: Display: Loaded TargetPlatform 'Android_ASTCClient'
[2020.03.17-15.21.23:524][  0]LogTargetPlatformManager: Display: Loaded TargetPlatform 'Android_ATCClient'
[2020.03.17-15.21.23:524][  0]LogTargetPlatformManager: Display: Loaded TargetPlatform 'Android_DXTClient'
[2020.03.17-15.21.23:524][  0]LogTargetPlatformManager: Display: Loaded TargetPlatform 'Android_ETC1Client'
[2020.03.17-15.21.23:524][  0]LogTargetPlatformManager: Display: Loaded TargetPlatform 'Android_ETC1aClient'
[2020.03.17-15.21.23:524][  0]LogTargetPlatformManager: Display: Loaded TargetPlatform 'Android_ETC2Client'
[2020.03.17-15.21.23:524][  0]LogTargetPlatformManager: Display: Loaded TargetPlatform 'Android_PVRTCClient'
[2020.03.17-15.21.23:524][  0]LogTargetPlatformManager: Display: Loaded TargetPlatform 'Android_Multi'
[2020.03.17-15.21.23:524][  0]LogTargetPlatformManager: Display: Loaded TargetPlatform 'Android_MultiClient'
[2020.03.17-15.21.23:556][  0]LogTargetPlatformManager: Display: Loaded TargetPlatform 'IOSClient'
[2020.03.17-15.21.23:556][  0]LogTargetPlatformManager: Display: Loaded TargetPlatform 'IOS'
[2020.03.17-15.21.23:568][  0]LogTargetPlatformManager: Display: Loaded TargetPlatform 'LinuxNoEditor'
[2020.03.17-15.21.23:579][  0]LogTargetPlatformManager: Display: Loaded TargetPlatform 'LinuxClient'
[2020.03.17-15.21.23:589][  0]LogTargetPlatformManager: Display: Loaded TargetPlatform 'LinuxServer'
[2020.03.17-15.21.23:599][  0]LogTargetPlatformManager: Display: Loaded TargetPlatform 'LinuxAArch64NoEditor'
[2020.03.17-15.21.23:611][  0]LogTargetPlatformManager: Display: Loaded TargetPlatform 'LinuxAArch64Client'
[2020.03.17-15.21.23:622][  0]LogTargetPlatformManager: Display: Loaded TargetPlatform 'LinuxAArch64Server'
[2020.03.17-15.21.23:656][  0]LogTargetPlatformManager: Display: Loaded TargetPlatform 'Lumin'
[2020.03.17-15.21.23:656][  0]LogTargetPlatformManager: Display: Loaded TargetPlatform 'LuminClient'
[2020.03.17-15.21.23:674][  0]LogTargetPlatformManager: Display: Loaded TargetPlatform 'TVOSClient'
[2020.03.17-15.21.23:674][  0]LogTargetPlatformManager: Display: Loaded TargetPlatform 'TVOS'
[2020.03.17-15.21.23:688][  0]LogTargetPlatformManager: Display: Loaded TargetPlatform 'WindowsNoEditor'
[2020.03.17-15.21.23:701][  0]LogTargetPlatformManager: Display: Loaded TargetPlatform 'Windows'
[2020.03.17-15.21.23:712][  0]LogTargetPlatformManager: Display: Loaded TargetPlatform 'WindowsClient'
[2020.03.17-15.21.23:724][  0]LogTargetPlatformManager: Display: Loaded TargetPlatform 'WindowsServer'
[2020.03.17-15.21.23:724][  0]LogTargetPlatformManager: Display: Building Assets For Windows
[2020.03.17-15.21.23:740][  0]LogAudioDebug: Display: Lib vorbis DLL was dynamically loaded.
[2020.03.17-15.21.23:922][  0]LogShaderCompilers: Guid format shader working directory is -26 characters bigger than the processId version (../../../../../RepositoriDefinitiu/Projecte-Motors-de-Joc/Projecte Unreal/Intermediate/Shaders/WorkingDirectory/17592/).
[2020.03.17-15.21.23:923][  0]LogShaderCompilers: Cleaned the shader compiler working directory 'C:/Users/usuario/AppData/Local/Temp/UnrealShaderWorkingDir/1B2909324939A96D07BBCC9C86A82520/'.
[2020.03.17-15.21.23:927][  0]LogXGEController: Cleaning working directory: C:/Users/usuario/AppData/Local/Temp/UnrealXGEWorkingDir/
[2020.03.17-15.21.23:927][  0]LogXGEController: Cannot use XGE Controller as Incredibuild is not installed on this machine.
[2020.03.17-15.21.23:928][  0]LogShaderCompilers: Cannot use XGE Shader Compiler as Incredibuild is not installed on this machine.
[2020.03.17-15.21.23:928][  0]LogShaderCompilers: Display: Using Local Shader Compiler.
[2020.03.17-15.21.25:172][  0]LogDerivedDataCache: Display: Max Cache Size: 512 MB
[2020.03.17-15.21.25:735][  0]LogDerivedDataCache: Loaded boot cache 0.56s 78MB C:/Users/usuario/AppData/Local/UnrealEngine/4.24/DerivedDataCache/Boot.ddc.
[2020.03.17-15.21.25:735][  0]LogDerivedDataCache: Display: Loaded Boot cache: C:/Users/usuario/AppData/Local/UnrealEngine/4.24/DerivedDataCache/Boot.ddc
[2020.03.17-15.21.25:735][  0]LogDerivedDataCache: FDerivedDataBackendGraph:  Pak pak cache file ../../../../../RepositoriDefinitiu/Projecte-Motors-de-Joc/Projecte Unreal/DerivedDataCache/DDC.ddp not found, will not use a pak cache.
[2020.03.17-15.21.25:735][  0]LogDerivedDataCache: Unable to find inner node Pak for hierarchical cache Hierarchy.
[2020.03.17-15.21.25:735][  0]LogDerivedDataCache: FDerivedDataBackendGraph:  CompressedPak pak cache file ../../../../../RepositoriDefinitiu/Projecte-Motors-de-Joc/Projecte Unreal/DerivedDataCache/Compressed.ddp not found, will not use a pak cache.
[2020.03.17-15.21.25:735][  0]LogDerivedDataCache: Unable to find inner node CompressedPak for hierarchical cache Hierarchy.
[2020.03.17-15.21.25:756][  0]LogDerivedDataCache: Display: Pak cache opened for reading ../../../Engine/DerivedDataCache/Compressed.ddp.
[2020.03.17-15.21.25:756][  0]LogDerivedDataCache: FDerivedDataBackendGraph:  EnterprisePak pak cache file ../../../Enterprise/DerivedDataCache/Compressed.ddp not found, will not use a pak cache.
[2020.03.17-15.21.25:756][  0]LogDerivedDataCache: Unable to find inner node EnterprisePak for hierarchical cache Hierarchy.
[2020.03.17-15.21.25:757][  0]LogDerivedDataCache: Using Local data cache path C:/Users/usuario/AppData/Local/UnrealEngine/Common/DerivedDataCache: Writable
[2020.03.17-15.21.25:757][  0]LogDerivedDataCache: Shared data cache path not found in *engine.ini, will not use an Shared cache.
[2020.03.17-15.21.25:758][  0]LogDerivedDataCache: Unable to find inner node Shared for hierarchical cache Hierarchy.
[2020.03.17-15.21.25:796][  0]LogMaterial: Verifying Global Shaders for PCD3D_SM5
[2020.03.17-15.21.25:810][  0]LogSlate: Using FreeType 2.10.0
[2020.03.17-15.21.25:814][  0]LogSlate: SlateFontServices - WITH_FREETYPE: 1, WITH_HARFBUZZ: 1
[2020.03.17-15.21.26:018][  0]LogAssetRegistry: FAssetRegistry took 0.0094 seconds to start up
[2020.03.17-15.21.26:621][  0]LogInit: Selected Device Profile: [Windows]
[2020.03.17-15.21.27:039][  0]LogMeshReduction: Using QuadricMeshReduction for automatic static mesh reduction
[2020.03.17-15.21.27:040][  0]LogMeshReduction: Using SimplygonMeshReduction for automatic skeletal mesh reduction
[2020.03.17-15.21.27:040][  0]LogMeshReduction: Using ProxyLODMeshReduction for automatic mesh merging
[2020.03.17-15.21.27:040][  0]LogMeshReduction: No distributed automatic mesh merging module available
[2020.03.17-15.21.27:040][  0]LogMeshMerging: No distributed automatic mesh merging module available
[2020.03.17-15.21.27:104][  0]LogNetVersion: First3PersonProject1 1.0.0, NetCL: 10570792, EngineNetVer: 13, GameNetVer: 0 (Checksum: 1563903559)
[2020.03.17-15.21.30:030][  0]LogPackageLocalizationCache: Processed 10 localized package path(s) for 1 prioritized culture(s) in 0.036147 seconds
[2020.03.17-15.21.30:038][  0]LogUObjectArray: 46750 objects as part of root set at end of initial load.
[2020.03.17-15.21.30:039][  0]LogUObjectAllocator: 8137160 out of 0 bytes used by permanent object pool.
[2020.03.17-15.21.30:039][  0]LogUObjectArray: CloseDisregardForGC: 0/0 objects in disregard for GC pool
[2020.03.17-15.21.31:398][  0]LogTcpMessaging: Initializing TcpMessaging bridge
[2020.03.17-15.21.31:415][  0]LogUdpMessaging: Initializing bridge on interface 0.0.0.0:0 to multicast group 230.0.0.1:6666.
[2020.03.17-15.21.31:631][  0]SourceControl: Source control is disabled
[2020.03.17-15.21.31:633][  0]SourceControl: Source control is disabled
[2020.03.17-15.21.31:655][  0]SourceControl: Source control is disabled
[2020.03.17-15.21.31:665][  0]SourceControl: Source control is disabled
[2020.03.17-15.21.31:675][  0]SourceControl: Source control is disabled
[2020.03.17-15.21.32:092][  0]LogAndroidPermission: UAndroidPermissionCallbackProxy::GetInstance
[2020.03.17-15.21.32:128][  0]LogAudioCaptureCore: Display: No Audio Capture implementations found. Audio input will be silent.
[2020.03.17-15.21.32:128][  0]LogAudioCaptureCore: Display: No Audio Capture implementations found. Audio input will be silent.
[2020.03.17-15.21.32:340][  0]LogOcInput: OculusInput pre-init called
[2020.03.17-15.21.32:363][  0]LogWindows: Failed to load 'OVRPlugin.dll' (GetLastError=126)
[2020.03.17-15.21.32:363][  0]LogWindows: File 'OVRPlugin.dll' does not exist
[2020.03.17-15.21.32:559][  0]LogEngine: Initializing Engine...
[2020.03.17-15.21.32:562][  0]LogHMD: Failed to initialize OpenVR with code 110
[2020.03.17-15.21.32:569][  0]LogStats: UGameplayTagsManager::InitializeManager -  0.003 s
[2020.03.17-15.21.32:993][  0]LogInit: Initializing FReadOnlyCVARCache
[2020.03.17-15.21.33:075][  0]LogAIModule: Creating AISystem for world Untitled
[2020.03.17-15.21.33:102][  0]LogAudioMixer: Display: Audio Mixer Platform Settings:
[2020.03.17-15.21.33:102][  0]LogAudioMixer: Display: 	Sample Rate:						  48000
[2020.03.17-15.21.33:102][  0]LogAudioMixer: Display: 	Callback Buffer Frame Size Requested: 1024
[2020.03.17-15.21.33:102][  0]LogAudioMixer: Display: 	Callback Buffer Frame Size To Use:	  1024
[2020.03.17-15.21.33:102][  0]LogAudioMixer: Display: 	Number of buffers to queue:			  2
[2020.03.17-15.21.33:102][  0]LogAudioMixer: Display: 	Max Channels (voices):				  32
[2020.03.17-15.21.33:102][  0]LogAudioMixer: Display: 	Number of Async Source Workers:		  0
[2020.03.17-15.21.33:102][  0]LogAudio: Display: AudioDevice MaxSources: 32
[2020.03.17-15.21.33:103][  0]LogAudio: Display: Using built-in audio occlusion.
[2020.03.17-15.21.33:103][  0]LogAudioMixer: Display: Initializing audio mixer.
[2020.03.17-15.21.33:172][  0]LogAudioMixer: Display: Audio Device Output Speaker Info:
[2020.03.17-15.21.33:172][  0]LogAudioMixer: Display: Name: Altavoces (Realtek High Definition Audio)
[2020.03.17-15.21.33:172][  0]LogAudioMixer: Display: Is Default: Yes
[2020.03.17-15.21.33:172][  0]LogAudioMixer: Display: Sample Rate: 48000
[2020.03.17-15.21.33:172][  0]LogAudioMixer: Display: Channel Count Used: 2
[2020.03.17-15.21.33:172][  0]LogAudioMixer: Display: Device Channel Count: 2
[2020.03.17-15.21.33:172][  0]LogAudioMixer: Display: Channel Order:
[2020.03.17-15.21.33:172][  0]LogAudioMixer: Display: 0: FrontLeft
[2020.03.17-15.21.33:172][  0]LogAudioMixer: Display: 1: FrontRight
[2020.03.17-15.21.33:347][  0]LogAudioMixer: Display: Using Audio Device Altavoces (Realtek High Definition Audio)
[2020.03.17-15.21.33:356][  0]LogInit: FAudioDevice initialized.
[2020.03.17-15.21.33:356][  0]LogNetVersion: Set ProjectVersion to 1.0.0.0. Version Checksum will be recalculated on next use.
[2020.03.17-15.21.33:554][  0]LogDerivedDataCache: Saved boot cache 0.20s 78MB C:/Users/usuario/AppData/Local/UnrealEngine/4.24/DerivedDataCache/Boot.ddc.
[2020.03.17-15.21.33:554][  0]LogInit: Texture streaming: Enabled
[2020.03.17-15.21.33:582][  0]LogEngineSessionManager: EngineSessionManager initialized
[2020.03.17-15.21.33:582][  0]LogEngineSessionManager: EngineSessionManager sent abnormal shutdown report. Type=AbnormalShutdown, SessionId={F972B3E2-47F3-89E1-784E-BF8E99F33572}
[2020.03.17-15.21.33:582][  0]LogEditorSessionSummary: Verbose: Initializing EditorSessionSummaryWriter for editor session tracking
[2020.03.17-15.21.33:592][  0]LogEditorSessionSummary: EditorSessionSummaryWriter initialized
[2020.03.17-15.21.33:668][  0]LogInit: Transaction tracking system initialized
[2020.03.17-15.21.33:742][  0]BlueprintLog: New page: Editor Load
[2020.03.17-15.21.33:988][  0]LocalizationService: Localization service is disabled
[2020.03.17-15.21.34:706][  0]LogCook: Display: Max memory allowance for cook 16384mb min free memory 0mb
[2020.03.17-15.21.34:707][  0]LogCook: Display: Mobile HDR setting 1
[2020.03.17-15.21.34:784][  0]LogFileCache: Scanning file cache for directory 'D:/RepositoriDefinitiu/Projecte-Motors-de-Joc/Projecte Unreal/Content/' took 0.01s
[2020.03.17-15.21.36:268][  0]SourceControl: Source control is disabled
[2020.03.17-15.21.36:270][  0]Cmd: MAP LOAD FILE="../../../../../RepositoriDefinitiu/Projecte-Motors-de-Joc/Projecte Unreal/Content/ThirdPersonBP/Maps/MainMenuLev.umap" TEMPLATE=0 SHOWPROGRESS=1 FEATURELEVEL=3
[2020.03.17-15.21.36:273][  0]LightingResults: New page: Lighting Build
[2020.03.17-15.21.36:285][  0]LogWorld: UWorld::CleanupWorld for Untitled, bSessionEnded=true, bCleanupResources=true
[2020.03.17-15.21.36:286][  0]LogSlate: InvalidateAllWidgets triggered.  All widgets were invalidated
[2020.03.17-15.21.36:288][  0]MapCheck: New page: Map Check
[2020.03.17-15.21.36:288][  0]LightingResults: New page: Lighting Build
[2020.03.17-15.21.36:327][  0]LogUObjectHash: Compacting FUObjectHashTables data took   2.36ms
[2020.03.17-15.21.36:373][  0]LogAIModule: Creating AISystem for world MainMenuLev
[2020.03.17-15.21.36:384][  0]LogEditorServer: Finished looking for orphan Actors (0.000 secs)
[2020.03.17-15.21.36:421][  0]LogUObjectHash: Compacting FUObjectHashTables data took   2.37ms
[2020.03.17-15.21.36:421][  0]Cmd: MAP CHECKDEP NOCLEARLOG
[2020.03.17-15.21.36:422][  0]MapCheck: Map check complete: 0 Error(s), 0 Warning(s), took 0.396ms to complete.
[2020.03.17-15.21.36:422][  0]LogFileHelpers: Loading map 'MainMenuLev' took 0.153
[2020.03.17-15.21.36:744][  0]LogSlate: Updating window title bar state: overlay mode, drag disabled, window buttons hidden, title bar hidden
[2020.03.17-15.21.36:753][  0]LogSlate: Updating window title bar state: overlay mode, drag disabled, window buttons hidden, title bar hidden
[2020.03.17-15.21.36:760][  0]LogSlate: Updating window title bar state: overlay mode, drag disabled, window buttons hidden, title bar hidden
[2020.03.17-15.21.36:768][  0]LogSlate: Updating window title bar state: overlay mode, drag disabled, window buttons hidden, title bar hidden
[2020.03.17-15.21.36:800][  0]LogCollectionManager: Loaded 0 collections in 0.002416 seconds
[2020.03.17-15.21.36:853][  0]LogFileCache: Scanning file cache for directory 'D:/RepositoriDefinitiu/Projecte-Motors-de-Joc/Projecte Unreal/Saved/Collections/' took 0.00s
[2020.03.17-15.21.36:853][  0]LogFileCache: Scanning file cache for directory 'D:/RepositoriDefinitiu/Projecte-Motors-de-Joc/Projecte Unreal/Content/Developers/usuario/Collections/' took 0.00s
[2020.03.17-15.21.36:853][  0]LogFileCache: Scanning file cache for directory 'D:/RepositoriDefinitiu/Projecte-Motors-de-Joc/Projecte Unreal/Content/Collections/' took 0.00s
[2020.03.17-15.21.36:853][  0]LogContentBrowser: Native class hierarchy populated in 0.0097 seconds. Added 3017 classes and 720 folders.
[2020.03.17-15.21.36:871][  0]LogContentBrowser: Native class hierarchy updated for 'WidgetCarousel' in 0.0004 seconds. Added 0 classes and 0 folders.
[2020.03.17-15.21.37:209][  0]LogContentBrowser: Native class hierarchy updated for 'AddContentDialog' in 0.0003 seconds. Added 0 classes and 0 folders.
[2020.03.17-15.21.37:495][  0]LogSlate: Took 0.002876 seconds to synchronously load lazily loaded font '../../../Engine/Content/Slate/Fonts/Roboto-Regular.ttf' (155K)
[2020.03.17-15.21.37:501][  0]LogSlate: Took 0.001263 seconds to synchronously load lazily loaded font '../../../Engine/Content/Slate/Fonts/Roboto-Bold.ttf' (160K)
[2020.03.17-15.21.37:505][  0]LogSlate: Took 0.002637 seconds to synchronously load lazily loaded font '../../../Engine/Content/Editor/Slate/Fonts/FontAwesome.ttf' (139K)
[2020.03.17-15.21.37:610][  0]LogRenderer: Reallocating scene render targets to support 1140x476 Format 10 NumSamples 1 (Frame:1).
[2020.03.17-15.21.37:810][  0]LogContentBrowser: Native class hierarchy updated for 'HierarchicalLODOutliner' in 0.0005 seconds. Added 0 classes and 0 folders.
[2020.03.17-15.21.37:810][  0]LogLoad: (Engine Initialization) Total time: 22.33 seconds
[2020.03.17-15.21.37:810][  0]LogLoad: (Engine Initialization) Total Blueprint compile time: 0.00 seconds
[2020.03.17-15.21.37:881][  0]LogContentStreaming: Texture pool size now 1000 MB
[2020.03.17-15.21.37:910][  0]LogSlate: Took 0.002821 seconds to synchronously load lazily loaded font '../../../Engine/Content/Slate/Fonts/Roboto-Light.ttf' (167K)
[2020.03.17-15.21.38:171][  4]LogAssetRegistry: Asset discovery search completed in 12.1551 seconds
[2020.03.17-15.21.38:175][  4]LogCollectionManager: Fixed up redirectors for 0 collections in 0.000016 seconds (updated 0 objects)
[2020.03.17-16.00.40:524][370]LogSlate: Took 0.000305 seconds to synchronously load lazily loaded font '../../../Engine/Content/Slate/Fonts/Roboto-Light.ttf' (167K)
[2020.03.17-16.00.40:551][370]LogAssetEditorSubsystem: Opening Asset editor for AnimBlueprint /Game/Mannequin/Animations/ThirdPerson_AnimBP.ThirdPerson_AnimBP
[2020.03.17-16.00.40:761][370]LogContentBrowser: Native class hierarchy updated for 'SkeletonEditor' in 0.0004 seconds. Added 1 classes and 2 folders.
[2020.03.17-16.00.41:137][370]LogActorComponent: RegisterComponentWithWorld: (/Engine/Transient.World_1:PersistentLevel.AnimationEditorPreviewActor_0.DebugSkelMeshComponent_0) Already registered. Aborting.
[2020.03.17-16.00.41:157][370]LogContentBrowser: Native class hierarchy updated for 'PinnedCommandList' in 0.0003 seconds. Added 1 classes and 0 folders.
[2020.03.17-16.00.41:519][370]LogContentBrowser: Native class hierarchy updated for 'BlueprintGraph' in 0.0011 seconds. Added 121 classes and 0 folders.
[2020.03.17-16.00.42:547][370]LogSkeletalMesh: USkeletalMeshComponent::InitArticulated : Bodies already created (/Engine/Transient.World_1:PersistentLevel.AnimationEditorPreviewActor_0.DebugSkelMeshComponent_0) - call TermArticulated first.
[2020.03.17-16.00.43:098][370]LogSlate: Took 0.001887 seconds to synchronously load lazily loaded font '../../../Engine/Content/Slate/Fonts/Roboto-BoldCondensed.ttf' (158K)
[2020.03.17-16.00.43:233][370]LogContentBrowser: Verbose: The majority of assets in the view are of type: AnimSequence
[2020.03.17-16.49.38:583][148]LogSlate: Took 0.002818 seconds to synchronously load lazily loaded font '../../../Engine/Content/Slate/Fonts/Roboto-Italic.ttf' (157K)
[2020.03.17-16.49.39:275][187]LogSlate: Window 'ThirdPerson_AnimBP' being destroyed
[2020.03.17-16.49.39:303][187]LogSlate: Window 'ThirdPerson_AnimBP' being destroyed
[2020.03.17-16.49.39:367][187]LogWorld: UWorld::CleanupWorld for World_1, bSessionEnded=true, bCleanupResources=true
[2020.03.17-16.49.39:367][187]LogSlate: InvalidateAllWidgets triggered.  All widgets were invalidated
[2020.03.17-16.49.39:496][187]LogWorld: UWorld::CleanupWorld for World_0, bSessionEnded=true, bCleanupResources=true
[2020.03.17-16.49.39:496][187]LogSlate: InvalidateAllWidgets triggered.  All widgets were invalidated
[2020.03.17-16.49.39:878][187]LogWorld: UWorld::CleanupWorld for World_2, bSessionEnded=true, bCleanupResources=true
[2020.03.17-16.49.39:878][187]LogSlate: InvalidateAllWidgets triggered.  All widgets were invalidated
[2020.03.17-16.58.00:349][301]LogRenderer: Reallocating scene render targets to support 1140x492 Format 10 NumSamples 1 (Frame:13).
[2020.03.17-16.58.00:418][302]LogRenderer: Reallocating scene render targets to support 1140x516 Format 10 NumSamples 1 (Frame:15).
[2020.03.17-16.58.00:497][303]LogRenderer: Reallocating scene render targets to support 1140x524 Format 10 NumSamples 1 (Frame:17).
[2020.03.17-16.58.00:562][304]LogRenderer: Reallocating scene render targets to support 1140x532 Format 10 NumSamples 1 (Frame:19).
[2020.03.17-16.58.00:617][305]LogRenderer: Reallocating scene render targets to support 1140x540 Format 10 NumSamples 1 (Frame:21).
[2020.03.17-16.58.00:677][306]LogRenderer: Reallocating scene render targets to support 1140x544 Format 10 NumSamples 1 (Frame:23).
[2020.03.17-16.58.00:729][307]LogRenderer: Reallocating scene render targets to support 1140x564 Format 10 NumSamples 1 (Frame:25).
[2020.03.17-16.58.00:784][308]LogRenderer: Reallocating scene render targets to support 1140x568 Format 10 NumSamples 1 (Frame:27).
[2020.03.17-17.05.39:298][833]LogAssetEditorSubsystem: Opening Asset editor for BlendSpace /Game/AnimStarterPack/BS_Jog.BS_Jog
[2020.03.17-17.05.39:644][833]LogActorComponent: RegisterComponentWithWorld: (/Engine/Transient.World_8:PersistentLevel.AnimationEditorPreviewActor_0.DebugSkelMeshComponent_0) Already registered. Aborting.
[2020.03.17-17.05.39:853][833]LogSkeletalMesh: USkeletalMeshComponent::InitArticulated : Bodies already created (/Engine/Transient.World_8:PersistentLevel.AnimationEditorPreviewActor_0.DebugSkelMeshComponent_0) - call TermArticulated first.
[2020.03.17-17.05.41:426][833]LogRenderer: Reallocating scene render targets to support 1144x568 Format 10 NumSamples 1 (Frame:1).
[2020.03.17-17.05.41:426][833]LogContentBrowser: Verbose: The majority of assets in the view are of type: AnimSequence
[2020.03.17-17.05.59:637][449]LogSlate: Window 'BS_Jog' being destroyed
[2020.03.17-17.05.59:663][449]LogSlate: Window 'BS_Jog' being destroyed
[2020.03.17-17.05.59:664][449]LogWorld: UWorld::CleanupWorld for World_8, bSessionEnded=true, bCleanupResources=true
[2020.03.17-17.05.59:665][449]LogSlate: InvalidateAllWidgets triggered.  All widgets were invalidated
[2020.03.17-17.05.59:903][449]LogWorld: UWorld::CleanupWorld for World_9, bSessionEnded=true, bCleanupResources=true
[2020.03.17-17.05.59:903][449]LogSlate: InvalidateAllWidgets triggered.  All widgets were invalidated
[2020.03.17-17.06.36:576][189]LogAssetEditorSubsystem: Opening Asset editor for BlendSpace1D /Game/Mannequin/Animations/ThirdPerson_IdleRun_2D.ThirdPerson_IdleRun_2D
[2020.03.17-17.06.36:615][189]LogActorComponent: RegisterComponentWithWorld: (/Engine/Transient.World_10:PersistentLevel.AnimationEditorPreviewActor_0.DebugSkelMeshComponent_0) Already registered. Aborting.
[2020.03.17-17.06.36:831][189]LogSkeletalMesh: USkeletalMeshComponent::InitArticulated : Bodies already created (/Engine/Transient.World_10:PersistentLevel.AnimationEditorPreviewActor_0.DebugSkelMeshComponent_0) - call TermArticulated first.
[2020.03.17-17.06.37:653][189]LogContentBrowser: Verbose: The majority of assets in the view are of type: AnimSequence
[2020.03.17-17.06.42:079][351]LogSlate: Window 'ThirdPerson_IdleRun_2D' being destroyed
[2020.03.17-17.06.42:110][351]LogSlate: Window 'ThirdPerson_IdleRun_2D' being destroyed
[2020.03.17-17.06.42:112][351]LogWorld: UWorld::CleanupWorld for World_10, bSessionEnded=true, bCleanupResources=true
[2020.03.17-17.06.42:112][351]LogSlate: InvalidateAllWidgets triggered.  All widgets were invalidated
[2020.03.17-17.06.42:322][351]LogWorld: UWorld::CleanupWorld for World_11, bSessionEnded=true, bCleanupResources=true
[2020.03.17-17.06.42:322][351]LogSlate: InvalidateAllWidgets triggered.  All widgets were invalidated
[2020.03.17-17.07.01:953][302]LogAnimationCompression: Building Anim DDC data for AnimSequence /Game/AnimStarterPack/Jump_From_Stand_Ironsights.Jump_From_Stand_Ironsights
[2020.03.17-17.07.01:955][302]LogAnimationCompression: Recompressing (AnimSequence /Game/AnimStarterPack/Jump_From_Stand_Ironsights.Jump_From_Stand_Ironsights) using current/default (AnimCompress_BitwiseCompressOnly_40) bFirstRecompressUsingCurrentOrDefault(1) bTryAlternateCompressor(0) IsCompressedDataValid(0)
[2020.03.17-17.07.07:517][511]LogUObjectHash: Compacting FUObjectHashTables data took  12.98ms
[2020.03.17-17.07.07:679][511]LogSavePackage: Moving '../../../../../RepositoriDefinitiu/Projecte-Motors-de-Joc/Projecte Unreal/Saved/Jog_Bwd_Rifle0787252748B36F9E1407AC8925138042.tmp' to '../../../../../RepositoriDefinitiu/Projecte-Motors-de-Joc/Projecte Unreal/Content/Mannequin/Animations/Jog_Bwd_Rifle.uasset'
[2020.03.17-17.07.07:747][511]LogSavePackage: Moving '../../../../../RepositoriDefinitiu/Projecte-Motors-de-Joc/Projecte Unreal/Saved/Jog_Fwd_Rifle5DBC7A014CC1884866979CA31674F347.tmp' to '../../../../../RepositoriDefinitiu/Projecte-Motors-de-Joc/Projecte Unreal/Content/Mannequin/Animations/Jog_Fwd_Rifle.uasset'
[2020.03.17-17.07.07:824][511]LogSavePackage: Moving '../../../../../RepositoriDefinitiu/Projecte-Motors-de-Joc/Projecte Unreal/Saved/Jog_Lt_RifleC8E59B9E49B0DA35F0F2F38B09442FB1.tmp' to '../../../../../RepositoriDefinitiu/Projecte-Motors-de-Joc/Projecte Unreal/Content/Mannequin/Animations/Jog_Lt_Rifle.uasset'
[2020.03.17-17.07.07:891][511]LogSavePackage: Moving '../../../../../RepositoriDefinitiu/Projecte-Motors-de-Joc/Projecte Unreal/Saved/Jog_Rt_Rifle0D2B295346385AC765CFEF861261DB49.tmp' to '../../../../../RepositoriDefinitiu/Projecte-Motors-de-Joc/Projecte Unreal/Content/Mannequin/Animations/Jog_Rt_Rifle.uasset'
[2020.03.17-17.07.07:951][511]LogSavePackage: Moving '../../../../../RepositoriDefinitiu/Projecte-Motors-de-Joc/Projecte Unreal/Saved/Jump_From_Jog62CEB20B4391AB100A04EE85BC1E8646.tmp' to '../../../../../RepositoriDefinitiu/Projecte-Motors-de-Joc/Projecte Unreal/Content/Mannequin/Animations/Jump_From_Jog.uasset'
[2020.03.17-17.07.08:033][511]LogSavePackage: Moving '../../../../../RepositoriDefinitiu/Projecte-Motors-de-Joc/Projecte Unreal/Saved/Jump_From_Stand365D7F994A6B23BB83B9AB9B0FC8FAD3.tmp' to '../../../../../RepositoriDefinitiu/Projecte-Motors-de-Joc/Projecte Unreal/Content/Mannequin/Animations/Jump_From_Stand.uasset'
[2020.03.17-17.07.08:102][511]LogSavePackage: Moving '../../../../../RepositoriDefinitiu/Projecte-Motors-de-Joc/Projecte Unreal/Saved/Jump_From_Stand_Ironsights543DAE0046E2D4C86C0140833EC50DF7.tmp' to '../../../../../RepositoriDefinitiu/Projecte-Motors-de-Joc/Projecte Unreal/Content/Mannequin/Animations/Jump_From_Stand_Ironsights.uasset'
[2020.03.17-17.07.08:165][511]AssetCheck: New page: Asset Save: multiple assets
[2020.03.17-17.07.08:165][511]LogContentValidation: Display: Validating AnimSequence /Game/Mannequin/Animations/Jog_Bwd_Rifle.Jog_Bwd_Rifle
[2020.03.17-17.07.08:165][511]LogContentValidation: Display: Validating AnimSequence /Game/Mannequin/Animations/Jog_Fwd_Rifle.Jog_Fwd_Rifle
[2020.03.17-17.07.08:165][511]LogContentValidation: Display: Validating AnimSequence /Game/Mannequin/Animations/Jog_Lt_Rifle.Jog_Lt_Rifle
[2020.03.17-17.07.08:165][511]LogContentValidation: Display: Validating AnimSequence /Game/Mannequin/Animations/Jog_Rt_Rifle.Jog_Rt_Rifle
[2020.03.17-17.07.08:165][511]LogContentValidation: Display: Validating AnimSequence /Game/Mannequin/Animations/Jump_From_Jog.Jump_From_Jog
[2020.03.17-17.07.08:165][511]LogContentValidation: Display: Validating AnimSequence /Game/Mannequin/Animations/Jump_From_Stand.Jump_From_Stand
[2020.03.17-17.07.08:165][511]LogContentValidation: Display: Validating AnimSequence /Game/Mannequin/Animations/Jump_From_Stand_Ironsights.Jump_From_Stand_Ironsights
[2020.03.17-17.07.11:248][629]LogAssetEditorSubsystem: Opening Asset editor for BlendSpace1D /Game/Mannequin/Animations/ThirdPerson_IdleRun_2D.ThirdPerson_IdleRun_2D
[2020.03.17-17.07.11:260][629]LogActorComponent: RegisterComponentWithWorld: (/Engine/Transient.World_12:PersistentLevel.AnimationEditorPreviewActor_0.DebugSkelMeshComponent_0) Already registered. Aborting.
[2020.03.17-17.07.11:463][629]LogSkeletalMesh: USkeletalMeshComponent::InitArticulated : Bodies already created (/Engine/Transient.World_12:PersistentLevel.AnimationEditorPreviewActor_0.DebugSkelMeshComponent_0) - call TermArticulated first.
[2020.03.17-17.07.12:304][629]LogContentBrowser: Verbose: The majority of assets in the view are of type: AnimSequence
[2020.03.17-17.07.18:976][905]LogSlate: Window 'ThirdPerson_IdleRun_2D' being destroyed
[2020.03.17-17.07.19:000][905]LogSlate: Window 'ThirdPerson_IdleRun_2D' being destroyed
[2020.03.17-17.07.19:002][905]LogWorld: UWorld::CleanupWorld for World_12, bSessionEnded=true, bCleanupResources=true
[2020.03.17-17.07.19:002][905]LogSlate: InvalidateAllWidgets triggered.  All widgets were invalidated
[2020.03.17-17.07.19:230][905]LogWorld: UWorld::CleanupWorld for World_13, bSessionEnded=true, bCleanupResources=true
[2020.03.17-17.07.19:230][905]LogSlate: InvalidateAllWidgets triggered.  All widgets were invalidated
[2020.03.17-17.07.22:239][ 20]LogAssetEditorSubsystem: Opening Asset editor for BlendSpace1D /Game/Mannequin/Animations/ThirdPerson_IdleRun_2D.ThirdPerson_IdleRun_2D
[2020.03.17-17.07.22:249][ 20]LogActorComponent: RegisterComponentWithWorld: (/Engine/Transient.World_14:PersistentLevel.AnimationEditorPreviewActor_0.DebugSkelMeshComponent_0) Already registered. Aborting.
[2020.03.17-17.07.22:456][ 20]LogSkeletalMesh: USkeletalMeshComponent::InitArticulated : Bodies already created (/Engine/Transient.World_14:PersistentLevel.AnimationEditorPreviewActor_0.DebugSkelMeshComponent_0) - call TermArticulated first.
[2020.03.17-17.07.23:385][ 20]LogContentBrowser: Verbose: The majority of assets in the view are of type: AnimSequence
[2020.03.17-17.07.24:459][ 55]LogSlate: Window 'ThirdPerson_IdleRun_2D' being destroyed
[2020.03.17-17.07.24:485][ 55]LogSlate: Window 'ThirdPerson_IdleRun_2D' being destroyed
[2020.03.17-17.07.24:486][ 55]LogWorld: UWorld::CleanupWorld for World_14, bSessionEnded=true, bCleanupResources=true
[2020.03.17-17.07.24:486][ 55]LogSlate: InvalidateAllWidgets triggered.  All widgets were invalidated
[2020.03.17-17.07.24:724][ 55]LogWorld: UWorld::CleanupWorld for World_15, bSessionEnded=true, bCleanupResources=true
[2020.03.17-17.07.24:725][ 55]LogSlate: InvalidateAllWidgets triggered.  All widgets were invalidated
[2020.03.17-17.07.36:475][650]LogSlate: Window 'Reference Viewer' being destroyed
[2020.03.17-17.07.36:483][650]LogSlate: Window 'Reference Viewer' being destroyed
[2020.03.17-17.07.55:952][669]LogAssetManagerEditor: Nothing to add to collection Jump_From_Jog_Referencers
[2020.03.17-17.07.57:940][669]LogSlate: Window 'Message' being destroyed
[2020.03.17-17.08.04:130][  9]LogSlate: Window 'Reference Viewer' being destroyed
[2020.03.17-17.08.04:137][  9]LogSlate: Window 'Reference Viewer' being destroyed
